Log file open, 05/25/18 15:08:14
LogWindows: Failed to load 'aqProf.dll' (GetLastError=126)
LogWindows: File 'aqProf.dll' does not exist
LogWindows: Failed to load 'VtuneApi.dll' (GetLastError=126)
LogWindows: File 'VtuneApi.dll' does not exist
LogWindows: Failed to load 'VtuneApi32e.dll' (GetLastError=126)
LogWindows: File 'VtuneApi32e.dll' does not exist
LogInit: Display: Running engine for game: projectisono
LogPlatformFile: Not using cached read wrapper
LogInit: Display: RandInit(1771961128) SRandInit(1771961128).
LogTaskGraph: Started task graph with 5 named threads and 14 total threads with 3 sets of task threads.
LogStats: Stats thread started at 0.190413
LogD3D11RHI: Aftermath initialized
LogPluginManager: Mounting plugin Paper2D
LogPluginManager: Mounting plugin LightPropagationVolume
LogPluginManager: Mounting plugin CodeLiteSourceCodeAccess
LogPluginManager: Mounting plugin GitSourceControl
LogPluginManager: Mounting plugin KDevelopSourceCodeAccess
LogPluginManager: Mounting plugin NullSourceCodeAccess
LogPluginManager: Mounting plugin PerforceSourceControl
LogPluginManager: Mounting plugin SubversionSourceControl
LogPluginManager: Mounting plugin UObjectPlugin
LogPluginManager: Mounting plugin VisualStudioSourceCodeAccess
LogPluginManager: Mounting plugin XCodeSourceCodeAccess
LogPluginManager: Mounting plugin AssetManagerEditor
LogPluginManager: Mounting plugin AudioCapture
LogPluginManager: Mounting plugin FacialAnimation
LogPluginManager: Mounting plugin GameplayTagsEditor
LogPluginManager: Mounting plugin MobileLauncherProfileWizard
LogPluginManager: Mounting plugin PluginBrowser
LogPluginManager: Mounting plugin SpeedTreeImporter
LogPluginManager: Mounting plugin AlembicImporter
LogPluginManager: Mounting plugin CharacterAI
LogPluginManager: Mounting plugin HTML5Networking
LogPluginManager: Mounting plugin AndroidMedia
LogPluginManager: Mounting plugin AvfMedia
LogPluginManager: Mounting plugin MediaPlayerEditor
LogPluginManager: Mounting plugin WmfMedia
LogPluginManager: Mounting plugin TcpMessaging
LogPluginManager: Mounting plugin UdpMessaging
LogPluginManager: Mounting plugin LevelSequenceEditor
LogPluginManager: Mounting plugin MatineeToLevelSequence
LogPluginManager: Mounting plugin OnlineSubsystemGooglePlay
LogPluginManager: Mounting plugin OnlineSubsystemIOS
LogPluginManager: Mounting plugin OnlineSubsystem
LogPluginManager: Mounting plugin OnlineSubsystemNull
LogPluginManager: Mounting plugin OnlineSubsystemUtils
LogPluginManager: Mounting plugin AndroidDeviceProfileSelector
LogPluginManager: Mounting plugin AndroidMoviePlayer
LogPluginManager: Mounting plugin AndroidPermission
LogPluginManager: Mounting plugin AppleMoviePlayer
LogPluginManager: Mounting plugin ArchVisCharacter
LogPluginManager: Mounting plugin CableComponent
LogPluginManager: Mounting plugin CustomMeshComponent
LogPluginManager: Mounting plugin ExampleDeviceProfileSelector
LogPluginManager: Mounting plugin GoogleCloudMessaging
LogPluginManager: Mounting plugin ImmediatePhysics
LogPluginManager: Mounting plugin IOSDeviceProfileSelector
LogPluginManager: Mounting plugin LinuxDeviceProfileSelector
LogPluginManager: Mounting plugin LocationServicesBPLibrary
LogPluginManager: Mounting plugin MobilePatchingUtils
LogPluginManager: Mounting plugin OculusVR
LogPluginManager: Mounting plugin PhysXVehicles
LogPluginManager: Mounting plugin ProceduralMeshComponent
LogPluginManager: Mounting plugin RuntimePhysXCooking
LogPluginManager: Mounting plugin SteamVR
LogPluginManager: Mounting plugin WindowsMoviePlayer
LogInit: Using libcurl 7.47.1
LogInit:  - built for x86_64-pc-win32
LogInit:  - supports SSL with OpenSSL/1.0.2g
LogInit:  - supports HTTP deflate (compression) using libz 1.2.8
LogInit:  - other features:
LogInit:      CURL_VERSION_SSL
LogInit:      CURL_VERSION_LIBZ
LogInit:      CURL_VERSION_IPV6
LogInit:      CURL_VERSION_ASYNCHDNS
LogInit:      CURL_VERSION_LARGEFILE
LogInit:      CURL_VERSION_IDN
LogInit:  CurlRequestOptions (configurable via config and command line):
LogInit:  - bVerifyPeer = false  - Libcurl will NOT verify peer certificate
LogInit:  - bUseHttpProxy = false  - Libcurl will NOT use HTTP proxy
LogInit:  - bDontReuseConnections = false  - Libcurl will reuse connections
LogInit:  - CertBundlePath = nullptr  - Libcurl will use whatever was configured at build time.
LogInit: Build: ++UE4+Release-4.17-CL-3658906
LogInit: Engine Version: 4.17.2-3658906+++UE4+Release-4.17
LogInit: Compatible Engine Version: 4.17.0-3573198+++UE4+Release-4.17
LogInit: Net CL: 3573198
LogDevObjectVersion: Number of dev versions registered: 16
LogDevObjectVersion:   Dev-Blueprints (B0D832E4-1F89-4F0D-ACCF-7EB736FD4AA2): 10
LogDevObjectVersion:   Dev-Build (E1C64328-A22C-4D53-A36C-8E866417BD8C): 0
LogDevObjectVersion:   Dev-Core (375EC13C-06E4-48FB-B500-84F0262A717E): 2
LogDevObjectVersion:   Dev-Editor (E4B068ED-F494-42E9-A231-DA0B2E46BB41): 20
LogDevObjectVersion:   Dev-Framework (CFFC743F-43B0-4480-9391-14DF171D2073): 28
LogDevObjectVersion:   Dev-Mobile (B02B49B5-BB20-44E9-A304-32B752E40360): 0
LogDevObjectVersion:   Dev-Networking (A4E4105C-59A1-49B5-A7C5-40C4547EDFEE): 0
LogDevObjectVersion:   Dev-Online (39C831C9-5AE6-47DC-9A44-9C173E1C8E7C): 0
LogDevObjectVersion:   Dev-Physics (78F01B33-EBEA-4F98-B9B4-84EACCB95AA2): 0
LogDevObjectVersion:   Dev-Platform (6631380F-2D4D-43E0-8009-CF276956A95A): 0
LogDevObjectVersion:   Dev-Rendering (12F88B9F-8875-4AFC-A67C-D90C383ABD29): 19
LogDevObjectVersion:   Dev-Sequencer (7B5AE74C-D270-4C10-A958-57980B212A5A): 4
LogDevObjectVersion:   Dev-VR (D7296918-1DD6-4BDD-9DE2-64A83CC13884): 0
LogDevObjectVersion:   Dev-LoadTimes (C2A15278-BFE7-4AFE-6C17-90FF531DF755): 1
LogDevObjectVersion:   Private-Geometry (6EACA3D4-40EC-4CC1-B786-8BED09428FC5): 1
LogDevObjectVersion:   Dev-AnimPhys (29E575DD-E0A3-4627-9D10-D276232CDCEA): 7
LogInit: Compiled (64-bit): Sep 22 2017 13:47:16
LogInit: Compiled with Visual C++: 19.00.24215.01
LogInit: Build Configuration: Development
LogInit: Branch Name: ++UE4+Release-4.17
LogInit: Command line: -EpicPortal 
LogInit: Base directory: C:/Program Files (x86)/Epic Games/UE_4.17/Engine/Binaries/Win64/
LogInit: Installed Engine Build: 1
LogInit: Presizing for max 8388607 objects, including 0 objects not considered by GC, pre-allocating 0 bytes for permanent pool.
LogInit: Object subsystem initialized
[2018.05.25-13.08.15:735][  0]LogInit: Selected Device Profile: [Windows]
[2018.05.25-13.08.15:735][  0]LogInit: Applying CVar settings loaded from the selected device profile: [Windows]
[2018.05.25-13.08.15:785][  0]LogInit: Computer: MULIASSEH
[2018.05.25-13.08.15:785][  0]LogInit: User: Lorenzo
[2018.05.25-13.08.15:785][  0]LogInit: CPU Page size=4096, Cores=4
[2018.05.25-13.08.15:785][  0]LogInit: High frequency timer resolution =2.531250 MHz
[2018.05.25-13.08.15:785][  0]LogMemory: Memory total: Physical=15.9GB (16GB approx)
[2018.05.25-13.08.15:785][  0]LogMemory: Platform Memory Stats for Windows
[2018.05.25-13.08.15:785][  0]LogMemory: Process Physical Memory: 279.49 MB used, 279.49 MB peak
[2018.05.25-13.08.15:785][  0]LogMemory: Process Virtual Memory: 282.45 MB used, 282.45 MB peak
[2018.05.25-13.08.15:785][  0]LogMemory: Physical Memory: 3009.38 MB used,  13255.21 MB free, 16264.59 MB total
[2018.05.25-13.08.15:785][  0]LogMemory: Virtual Memory: 4811.95 MB used,  13255.21 MB free, 134217728.00 MB total
[2018.05.25-13.08.16:031][  0]LogInit: Using OS detected language (fr-FR).
[2018.05.25-13.08.16:031][  0]LogInit: Using OS detected locale (fr-FR).
[2018.05.25-13.08.16:035][  0]LogTextLocalizationManager: No localization for 'fr-FR' exists, so 'en' will be used for the language.
[2018.05.25-13.08.16:035][  0]LogTextLocalizationManager: No localization for 'fr-FR' exists, so 'en' will be used for the locale.
[2018.05.25-13.08.16:807][  0]LogD3D11RHI: D3D11 adapters:
[2018.05.25-13.08.16:870][  0]LogD3D11RHI:    0. 'NVIDIA Quadro M1000M' (Feature Level 11_0)
[2018.05.25-13.08.16:870][  0]LogD3D11RHI:       4053/0/8132 MB DedicatedVideo/DedicatedSystem/SharedSystem, Outputs:1, VendorId:0x10de
[2018.05.25-13.08.16:879][  0]LogD3D11RHI:    1. 'Intel(R) HD Graphics 530' (Feature Level 11_0)
[2018.05.25-13.08.16:879][  0]LogD3D11RHI:       128/0/8132 MB DedicatedVideo/DedicatedSystem/SharedSystem, Outputs:0, VendorId:0x8086
[2018.05.25-13.08.16:881][  0]LogD3D11RHI:    2. 'Microsoft Basic Render Driver' (Feature Level 11_0)
[2018.05.25-13.08.16:881][  0]LogD3D11RHI:       0/0/8132 MB DedicatedVideo/DedicatedSystem/SharedSystem, Outputs:0, VendorId:0x1414
[2018.05.25-13.08.16:881][  0]LogD3D11RHI: Chosen D3D11 Adapter: 0
[2018.05.25-13.08.16:913][  0]LogD3D11RHI: Creating new Direct3DDevice
[2018.05.25-13.08.16:913][  0]LogD3D11RHI:     GPU DeviceId: 0x13b1 (for the marketing name, search the web for "GPU Device Id")
[2018.05.25-13.08.16:913][  0]LogWindows: EnumDisplayDevices:
[2018.05.25-13.08.16:913][  0]LogWindows:    0. 'Intel(R) HD Graphics 530' (P:1 D:1)
[2018.05.25-13.08.16:913][  0]LogWindows:    1. 'Intel(R) HD Graphics 530' (P:0 D:0)
[2018.05.25-13.08.16:913][  0]LogWindows:    2. 'Intel(R) HD Graphics 530' (P:0 D:0)
[2018.05.25-13.08.16:913][  0]LogWindows:    3. 'NVIDIA Quadro M1000M' (P:0 D:0)
[2018.05.25-13.08.16:914][  0]LogWindows:    4. 'NVIDIA Quadro M1000M' (P:0 D:0)
[2018.05.25-13.08.16:914][  0]LogWindows:    5. 'NVIDIA Quadro M1000M' (P:0 D:0)
[2018.05.25-13.08.16:914][  0]LogWindows:    6. 'NVIDIA Quadro M1000M' (P:0 D:0)
[2018.05.25-13.08.16:914][  0]LogWindows: DebugString: GetVideoDriverDetailsInvalid PrimaryIsNotTheChoosenAdapter GetVideoDriverDetailsInvalid PrimaryIsNotTheChoosenAdapter GetVideoDriverDetailsInvalid PrimaryIsNotTheChoosenAdapter GetVideoDriverDetailsInvalid PrimaryIsNotTheChoosenAdapter GetVideoDriverDetailsInvalid PrimaryIsNotTheChoosenAdapter GetVideoDriverDetailsInvalid PrimaryIsNotTheChoosenAdapter GetVideoDriverDetailsInvalid PrimaryIsNotTheChoosenAdapter FoundDriverCount:0 
[2018.05.25-13.08.16:914][  0]LogD3D11RHI:     Adapter Name: NVIDIA Quadro M1000M
[2018.05.25-13.08.16:914][  0]LogD3D11RHI:   Driver Version: Unknown (internal:Unknown, unified:Unknown)
[2018.05.25-13.08.16:914][  0]LogD3D11RHI:      Driver Date: Unknown
[2018.05.25-13.08.16:914][  0]LogRHI: Texture pool is 1361 MB (70% of 1945 MB)
[2018.05.25-13.08.16:959][  0]LogD3D11RHI: Async texture creation enabled
[2018.05.25-13.08.16:977][  0]LogD3D11RHI: GPU Timing Frequency: 1000.000000 (Debug: 2 2)
[2018.05.25-13.08.16:978][  0]LogShaderCompilers: Guid format shader working directory is -6 characters bigger than the processId version (H:/e-art/ISONO/00_sources/UNREAL_Project/projectisono/Intermediate/Shaders/WorkingDirectory/11328/).
[2018.05.25-13.08.16:978][  0]LogShaderCompilers: Cleaned the shader compiler working directory 'C:/Users/Lorenzo/AppData/Local/Temp/UnrealShaderWorkingDir/79F127534F1D641CA1428CA0FA476841/'.
[2018.05.25-13.08.16:978][  0]LogShaderCompilers: Display: Using Local Shader Compiler.
[2018.05.25-13.08.18:013][  0]LogTemp: Display: Loaded TP AllDesktopTargetPlatform
[2018.05.25-13.08.18:091][  0]LogTemp: Display: Loaded TP MacClientTargetPlatform
[2018.05.25-13.08.18:166][  0]LogTemp: Display: Loaded TP MacNoEditorTargetPlatform
[2018.05.25-13.08.18:240][  0]LogTemp: Display: Loaded TP MacServerTargetPlatform
[2018.05.25-13.08.18:319][  0]LogTemp: Display: Loaded TP MacTargetPlatform
[2018.05.25-13.08.18:397][  0]LogTemp: Display: Loaded TP WindowsClientTargetPlatform
[2018.05.25-13.08.18:472][  0]LogTemp: Display: Loaded TP WindowsNoEditorTargetPlatform
[2018.05.25-13.08.18:548][  0]LogTemp: Display: Loaded TP WindowsServerTargetPlatform
[2018.05.25-13.08.18:615][  0]LogTemp: Display: Loaded TP WindowsTargetPlatform
[2018.05.25-13.08.18:688][  0]LogTemp: Display: Loaded TP AndroidTargetPlatform
[2018.05.25-13.08.18:760][  0]LogTemp: Display: Loaded TP Android_ASTCTargetPlatform
[2018.05.25-13.08.18:832][  0]LogTemp: Display: Loaded TP Android_ATCTargetPlatform
[2018.05.25-13.08.18:907][  0]LogTemp: Display: Loaded TP Android_DXTTargetPlatform
[2018.05.25-13.08.18:978][  0]LogTemp: Display: Loaded TP Android_ETC1TargetPlatform
[2018.05.25-13.08.19:052][  0]LogTemp: Display: Loaded TP Android_ETC2TargetPlatform
[2018.05.25-13.08.19:198][  0]LogTemp: Display: Loaded TP Android_MultiTargetPlatform
[2018.05.25-13.08.19:198][  0]LogTemp: Display: Loaded TP Android_PVRTCTargetPlatform
[2018.05.25-13.08.19:258][  0]LogTemp: Display: Loaded TP HTML5TargetPlatform
[2018.05.25-13.08.19:387][  0]LogTemp: Display: Loaded TP IOSTargetPlatform
[2018.05.25-13.08.19:434][  0]LogTemp: Display: Loaded TP TVOSTargetPlatform
[2018.05.25-13.08.19:506][  0]LogTemp: Display: Loaded TP LinuxClientTargetPlatform
[2018.05.25-13.08.19:579][  0]LogTemp: Display: Loaded TP LinuxNoEditorTargetPlatform
[2018.05.25-13.08.19:650][  0]LogTemp: Display: Loaded TP LinuxServerTargetPlatform
[2018.05.25-13.08.19:723][  0]LogTemp: Display: Loaded TP LinuxTargetPlatform
[2018.05.25-13.08.19:723][  0]LogTargetPlatformManager: Display: Building Assets For Windows
[2018.05.25-13.08.20:461][  0]LogDerivedDataCache: Display: Max Cache Size: 512 MB
[2018.05.25-13.08.20:550][  0]LogDerivedDataCache: Loaded boot cache 0.09s 93MB C:/Users/Lorenzo/AppData/Local/UnrealEngine/4.17/DerivedDataCache/Boot.ddc.
[2018.05.25-13.08.20:550][  0]LogDerivedDataCache: Display: Loaded Boot cache: C:/Users/Lorenzo/AppData/Local/UnrealEngine/4.17/DerivedDataCache/Boot.ddc
[2018.05.25-13.08.20:550][  0]LogDerivedDataCache: FDerivedDataBackendGraph:  Pak pak cache file H:/e-art/ISONO/00_sources/UNREAL_Project/projectisono/DerivedDataCache/DDC.ddp not found, will not use a pak cache.
[2018.05.25-13.08.20:550][  0]LogDerivedDataCache: Unable to find inner node Pak for hierarchical cache Hierarchy.
[2018.05.25-13.08.20:550][  0]LogDerivedDataCache: FDerivedDataBackendGraph:  CompressedPak pak cache file H:/e-art/ISONO/00_sources/UNREAL_Project/projectisono/DerivedDataCache/Compressed.ddp not found, will not use a pak cache.
[2018.05.25-13.08.20:550][  0]LogDerivedDataCache: Unable to find inner node CompressedPak for hierarchical cache Hierarchy.
[2018.05.25-13.08.20:566][  0]LogDerivedDataCache: Display: Pak cache opened for reading ../../../Engine/DerivedDataCache/Compressed.ddp.
[2018.05.25-13.08.20:578][  0]LogDerivedDataCache: Using Local data cache path C:/Users/Lorenzo/AppData/Local/UnrealEngine/Common/DerivedDataCache: Writable
[2018.05.25-13.08.20:587][  0]LogMaterial: Verifying Global Shaders for PCD3D_SM5
[2018.05.25-13.08.20:588][  0]LogSlate: Using Freetype 2.6.0
[2018.05.25-13.08.20:588][  0]LogSlate: SlateFontCache - WITH_FREETYPE: 1, WITH_HARFBUZZ: 1
[2018.05.25-13.08.20:588][  0]LogSlate: SlateFontCache - WITH_FREETYPE: 1, WITH_HARFBUZZ: 1
[2018.05.25-13.08.20:874][  0]LogAssetRegistry: FAssetRegistry took 0.0261 seconds to start up
[2018.05.25-13.08.21:008][  0]LogInit: Selected Device Profile: [Windows]
[2018.05.25-13.08.21:224][  0]LogContentStreaming: Texture pool size is 0.00 MB
[2018.05.25-13.08.21:649][  0]LogSimplygon: Simplygon DLL not present - disabling.
[2018.05.25-13.08.21:712][  0]LogMeshReduction: Using SimplygonSwarm for distributed automatic mesh merging
[2018.05.25-13.08.21:712][  0]LogMeshReduction: Using QuadricMeshReduction for automatic static mesh reduction
[2018.05.25-13.08.21:712][  0]LogMeshReduction: No automatic skeletal mesh reduction module available
[2018.05.25-13.08.21:712][  0]LogMeshReduction: No automatic mesh merging module available
[2018.05.25-13.08.21:712][  0]LogMeshMerging: No automatic mesh merging module available
[2018.05.25-13.08.22:154][  0]LogNetVersion: projectisono , NetCL: 3573198, EngineNetVer: 2, GameNetVer: 0 (Checksum: 293650334)
[2018.05.25-13.08.22:732][  0]LogPackageLocalizationCache: Processed 5 localized package path(s) for 1 prioritized culture(s) in 0.340911 seconds
[2018.05.25-13.08.22:744][  0]LogUObjectArray: 35825 objects as part of root set at end of initial load.
[2018.05.25-13.08.22:744][  0]LogUObjectAllocator: 7529104 out of 0 bytes used by permanent object pool.
[2018.05.25-13.08.22:744][  0]LogUObjectArray: CloseDisregardForGC: 0/0 objects in disregard for GC pool
[2018.05.25-13.08.22:843][  0]LogInit: WinSock: version 1.1 (2.2), MaxSocks=32767, MaxUdp=65467
[2018.05.25-13.08.26:249][  0]LogTcpMessaging: Initializing TcpMessaging bridge
[2018.05.25-13.08.26:305][  0]LogUdpMessaging: Initializing bridge on interface 0.0.0.0:0 to multicast group 230.0.0.1:6666.
[2018.05.25-13.08.27:224][  0]LogMaterial: Uniform references updated for custom material expression Custom.
[2018.05.25-13.08.27:810][  0]SourceControl: Source control is disabled
[2018.05.25-13.08.27:810][  0]SourceControl: Source control is disabled
[2018.05.25-13.08.27:884][  0]SourceControl: Source control is disabled
[2018.05.25-13.08.27:958][  0]SourceControl: Source control is disabled
[2018.05.25-13.08.28:850][  0]LogAndroidPermission: UAndroidPermissionCallbackProxy::GetInstance
[2018.05.25-13.08.29:229][  0]LogOcInput: OculusInput pre-init called
[2018.05.25-13.08.29:605][  0]LogEngine: Initializing Engine...
[2018.05.25-13.08.29:608][  0]LogHMD: Failed to initialize OpenVR with code 110
[2018.05.25-13.08.29:891][  0]LogStats: UGameplayTagsManager::ConstructGameplayTagTree: Construct from data asset -  0.000 s
[2018.05.25-13.08.29:891][  0]LogStats: UGameplayTagsManager::ConstructGameplayTagTree: GameplayTagTreeChangedEvent.Broadcast -  0.000 s
[2018.05.25-13.08.30:082][  0]LogAIModule: Creating AISystem for world Untitled
[2018.05.25-13.08.30:094][  0]LogInit: XAudio2 using 'Haut-parleur (Conexant ISST Audio)' : 2 channels at 48 kHz using 32 bits per sample (channel mask 0x3)
[2018.05.25-13.08.30:177][  0]LogInit: FAudioDevice initialized.
[2018.05.25-13.08.30:281][  0]LogDerivedDataCache: Saved boot cache 0.10s 93MB C:/Users/Lorenzo/AppData/Local/UnrealEngine/4.17/DerivedDataCache/Boot.ddc.
[2018.05.25-13.08.30:294][  0]LogInit: Texture streaming: Enabled
[2018.05.25-13.08.30:470][  0]LogEngineSessionManager: EngineSessionManager initialized
[2018.05.25-13.08.30:808][  0]LogInit: Transaction tracking system initialized
[2018.05.25-13.08.31:312][  0]BlueprintLog: New page: Editor Load
[2018.05.25-13.08.32:693][  0]LocalizationService: Localization service is disabled
[2018.05.25-13.08.34:357][  0]LogConsoleResponse: Display: 
[2018.05.25-13.08.34:631][  0]LogCook: Display: Max memory allowance for cook 16384mb min free memory 0mb
[2018.05.25-13.08.34:631][  0]LogCook: Display: Mobile HDR setting 1
[2018.05.25-13.08.34:631][  0]LogGameplayTags: Display: UGameplayTagsManager::DoneAddingNativeTags. DelegateIsBound: 0
[2018.05.25-13.08.35:692][  0]LogFileCache: Scanning file cache for directory 'H:/e-art/ISONO/00_sources/UNREAL_Project/projectisono/Content/' took 0.04s
[2018.05.25-13.08.36:255][  0]SourceControl: Source control is disabled
[2018.05.25-13.08.36:352][  0]LogWindowsTextInputMethodSystem: Display: IME system now deactivated.
[2018.05.25-13.08.36:353][  0]LogSlate: Took 0.000260 seconds to synchronously load lazily loaded font '../../../Engine/Content/Slate/Fonts/Roboto-Regular.ttf' (155K)
[2018.05.25-13.08.40:382][  0]LogWindowsTextInputMethodSystem: Display: IME system now deactivated.
[2018.05.25-13.08.40:385][  0]LogWindowsTextInputMethodSystem: Display: IME system now deactivated.
[2018.05.25-13.08.40:395][  0]Cmd: MAP LOAD FILE="H:/e-art/ISONO/00_sources/UNREAL_Project/projectisono/Content/ThirdPersonBP/Maps/ThirdPersonExampleMap.umap" TEMPLATE=0 SHOWPROGRESS=1 FEATURELEVEL=3
[2018.05.25-13.08.40:396][  0]LogEditorServer: Warning: Can't find file 'H:/e-art/ISONO/00_sources/UNREAL_Project/projectisono/Content/ThirdPersonBP/Maps/ThirdPersonExampleMap.umap'
[2018.05.25-13.08.40:396][  0]Cmd: MAP CHECKDEP NOCLEARLOG
[2018.05.25-13.08.40:462][  0]MapCheck: Map check complete: 0 Error(s), 0 Warning(s), took 66.124ms to complete.
[2018.05.25-13.08.40:462][  0]LogFileHelpers: Loading map 'ThirdPersonExampleMap' took 0.067
[2018.05.25-13.08.40:531][  0]LogStats: Warning: MetaData mismatch. Did you assign a stat to two groups? New //STATGROUP_Threads//SplashScreenThread///Thread_3920_0///####STATCAT_Advanced#### old //STATGROUP_Threads//SplashScreenThread///Thread_1690_0///####STATCAT_Advanced####
[2018.05.25-13.08.40:531][  0]LogCollectionManager: Loaded 0 collections in 0.002208 seconds
[2018.05.25-13.08.40:669][  0]LogFileCache: Scanning file cache for directory 'H:/e-art/ISONO/00_sources/UNREAL_Project/projectisono/Saved/Collections/' took 0.01s
[2018.05.25-13.08.40:669][  0]LogFileCache: Scanning file cache for directory 'H:/e-art/ISONO/00_sources/UNREAL_Project/projectisono/Content/Developers/Lorenzo/Collections/' took 0.01s
[2018.05.25-13.08.40:669][  0]LogFileCache: Scanning file cache for directory 'H:/e-art/ISONO/00_sources/UNREAL_Project/projectisono/Content/Collections/' took 0.01s
[2018.05.25-13.08.40:669][  0]LogCollectionManager: Rebuilt the GUID cache for 0 collections in 0.000001 seconds
[2018.05.25-13.08.40:681][  0]LogContentBrowser: Native class hierarchy populated in 0.0094 seconds. Added 2386 classes and 500 folders.
[2018.05.25-13.08.40:791][  0]LogContentBrowser: Native class hierarchy updated for 'WidgetCarousel' in 0.0012 seconds. Added 0 classes and 0 folders.
[2018.05.25-13.08.41:295][  0]LogContentBrowser: Native class hierarchy updated for 'AddContentDialog' in 0.0006 seconds. Added 0 classes and 0 folders.
[2018.05.25-13.08.41:556][  0]LogContentBrowser: Native class hierarchy updated for 'SceneOutliner' in 0.0006 seconds. Added 1 classes and 2 folders.
[2018.05.25-13.08.41:618][  0]LogSlate: Took 0.000234 seconds to synchronously load lazily loaded font '../../../Engine/Content/Slate/Fonts/Roboto-Bold.ttf' (160K)
[2018.05.25-13.08.41:827][  0]LogRenderer: Reallocating scene render targets to support 1208x512 Format 9 NumSamples 1 (Frame:1).
[2018.05.25-13.08.42:085][  0]LogContentBrowser: Native class hierarchy updated for 'HierarchicalLODOutliner' in 0.0007 seconds. Added 1 classes and 2 folders.
[2018.05.25-13.08.42:085][  0]LogLoad: (Engine Initialization) Total time: 30.18 seconds
[2018.05.25-13.08.42:085][  0]LogLoad: (Engine Initialization) Total Blueprint compile time: 0.00 seconds
[2018.05.25-13.08.42:085][  0]LogExternalProfiler: Found external profiler: VSPerf
[2018.05.25-13.08.42:085][  0]LogExternalProfiler: Using external profiler: VSPerf
[2018.05.25-13.08.42:117][  0]LogContentStreaming: Texture pool size now 800 MB
[2018.05.25-13.08.42:180][  2]LogAssetRegistry: Asset discovery search completed in 21.3291 seconds
[2018.05.25-13.08.42:185][  2]LogCollectionManager: Rebuilt the object cache for 0 collections in 0.000000 seconds (found 0 objects)
[2018.05.25-13.08.42:185][  2]LogCollectionManager: Fixed up redirectors for 0 collections in 0.000052 seconds (updated 0 objects)
[2018.05.25-13.08.43:536][150]LogSlate: Took 0.009327 seconds to synchronously load lazily loaded font '../../../Engine/Content/Editor/Slate/Fonts/FontAwesome.ttf' (139K)
[2018.05.25-13.08.43:563][150]LogSlate: Took 0.005353 seconds to synchronously load lazily loaded font '../../../Engine/Content/Slate/Fonts/Roboto-Light.ttf' (159K)
[2018.05.25-13.08.46:970][397]LogSlate: Took 0.000164 seconds to synchronously load lazily loaded font '../../../Engine/Content/Slate/Fonts/Roboto-Light.ttf' (159K)
[2018.05.25-13.08.47:845][397]LogSlate: Took 0.000198 seconds to synchronously load lazily loaded font '../../../Engine/Content/Slate/Fonts/Roboto-Regular.ttf' (155K)
[2018.05.25-13.08.48:724][397]LogBlueprint: Warning: [Compiler Character1] InputAction Event references unknown Action 'TurnTotem' for  InputAction TurnTotem
[2018.05.25-13.08.48:724][397]LogBlueprint: Warning: [Compiler Character1] InputAction Event references unknown Action 'ChangeWorld' for  InputAction ChangeWorld
[2018.05.25-13.08.48:738][397]LogBlueprint: Warning: [Compiler character12] InputAction Event references unknown Action 'LightPower' for  InputAction LightPower
[2018.05.25-13.08.48:767][397]LogBlueprint: Warning: [Compiler Character1] [0036.86] Compile of Character1 successful, but with 2 Warning(s) [in 92 ms] (/Game/LUCAS/L_Blueprints/Character1.Character1)
[2018.05.25-13.08.48:767][397]LogBlueprint: Warning: [Compiler character12] [0036.86] Compile of character12 successful, but with 1 Warning(s) [in 92 ms] (/Game/LUCAS/L_Blueprints/character12.character12)
[2018.05.25-13.09.03:220][397]LogAIModule: Creating AISystem for world City_Cinematic
[2018.05.25-13.09.04:255][397]Cmd: MAP LOAD FILE="H:/e-art/ISONO/00_sources/UNREAL_Project/projectisono/Content/LORENZO/City_Cinematic.umap" TEMPLATE=0 SHOWPROGRESS=1 FEATURELEVEL=3
[2018.05.25-13.09.04:255][397]LightingResults: New page: Lighting Build
[2018.05.25-13.09.04:318][397]LogContentBrowser: Native class hierarchy updated for 'StatsViewer' in 0.0006 seconds. Added 5 classes and 0 folders.
[2018.05.25-13.09.04:319][397]LoadErrors: New page: Loading map: City_Cinematic.umap
[2018.05.25-13.09.04:319][397]MapCheck: New page: Map Check
[2018.05.25-13.09.04:319][397]LightingResults: New page: Lighting Build
[2018.05.25-13.09.05:985][397]LogEditorServer: Finished looking for orphan Actors (0.000 secs)
[2018.05.25-13.09.06:318][397]Cmd: MAP CHECKDEP NOCLEARLOG
[2018.05.25-13.09.06:424][397]MapCheck: Map check complete: 0 Error(s), 0 Warning(s), took 106.378ms to complete.
[2018.05.25-13.09.06:424][397]LogFileHelpers: Loading map 'City_Cinematic' took 2.171
[2018.05.25-13.09.39:174][908]LogEditorViewport: Clicking on Actor (LMB): CameraRig_Crane (CameraRig_Crane1)
[2018.05.25-13.09.42:476][136]LogEditorViewport: Clicking on Actor (LMB): InstancedFoliageActor (InstancedFoliageActor)
[2018.05.25-13.09.43:778][206]LogEditorViewport: Clicking on Actor (LMB): StaticMeshActor (StaticMesh8)
[2018.05.25-13.09.44:428][251]LogEditorViewport: Clicking on Actor (LMB): CameraRig_Crane (CameraRig_Crane1)
[2018.05.25-13.09.50:174][731]LogLinker: Warning: Can't find file '/Game/Cinematics/Sequences/SequenceMVE/SequenceMVEMaster'
[2018.05.25-13.09.50:175][731]LogLinker: Warning: Can't find file '/Game/Cinematics/Sequences/SequenceMVE/SequenceMVEMaster'
[2018.05.25-13.09.50:175][731]LogUObjectGlobals: Warning: Failed to find object 'Object /Game/Cinematics/Sequences/SequenceMVE/SequenceMVEMaster.SequenceMVEMaster'
[2018.05.25-13.10.09:641][ 99]Cmd: TRANSACTION UNDO
[2018.05.25-13.10.09:641][ 99]LogEditorTransaction: Undo Clicking on Actors
[2018.05.25-13.10.09:721][ 99]LogSlate: Took 0.000327 seconds to synchronously load lazily loaded font '../../../Engine/Content/Slate/Fonts/Roboto-Light.ttf' (159K)
[2018.05.25-13.10.10:046][102]Cmd: TRANSACTION UNDO
[2018.05.25-13.10.10:046][102]LogEditorTransaction: Undo Clicking on Actors
[2018.05.25-13.10.10:624][117]Cmd: TRANSACTION UNDO
[2018.05.25-13.10.10:624][117]LogEditorTransaction: Undo Clicking on Actors
[2018.05.25-13.10.11:279][133]Cmd: TRANSACTION UNDO
[2018.05.25-13.10.11:279][133]LogEditorTransaction: Undo Clicking on Actors
[2018.05.25-13.12.01:439][615]Cmd: TRANSACTION UNDO
[2018.05.25-13.12.01:439][615]LogEditorTransaction: Undo Delete Keys
[2018.05.25-13.12.23:629][ 84]LogEditorViewport: Clicking on Actor (LMB): CineCameraActor (CineCameraActor257)
[2018.05.25-13.13.31:193][953]LogEditorViewport: Clicking on Component (LMB): SceneComponent (CranePitchControl)
[2018.05.25-13.13.37:914][421]LogSlate: Took 0.007099 seconds to synchronously load lazily loaded font '../../../Engine/Content/Editor/Slate/Fonts/Roboto-Italic.ttf' (157K)
[2018.05.25-13.13.47:068][ 52]LogEditorViewport: Clicking on Component (LMB): SceneComponent (CranePitchControl)
[2018.05.25-13.13.47:150][ 54]LogEditorViewport: Clicking on Actor (double click): CameraRig_Crane (CameraRig_Crane1)
[2018.05.25-13.13.51:664][406]Cmd: TRANSACTION UNDO
[2018.05.25-13.13.51:664][406]LogEditorTransaction: Undo Edit Crane Yaw
[2018.05.25-13.14.00:607][204]LogEditorViewport: Clicking on Actor (LMB): CineCameraActor (CineCameraActor257)
[2018.05.25-13.14.13:592][ 83]LogEditorViewport: Clicking on Actor (LMB): Character11_C (Character11)
[2018.05.25-13.14.24:830][787]LogEditorViewport: Clicking on Actor (LMB): CineCameraActor (CineCameraActor257)
[2018.05.25-13.14.56:686][923]LogEditorViewport: Clicking on Actor (LMB): Character11_C (Character11)
[2018.05.25-13.15.01:038][189]LogEditorViewport: Clicking on Actor (LMB): CineCameraActor (CineCameraActor257)
[2018.05.25-13.15.13:001][ 23]LogEditorViewport: Clicking on Actor (LMB): CameraRig_Crane (CameraRig_Crane1)
[2018.05.25-13.15.17:032][324]Cmd: TRANSACTION UNDO
[2018.05.25-13.15.17:032][324]LogEditorTransaction: Undo Edit Crane Pitch
[2018.05.25-13.15.22:096][774]Cmd: TRANSACTION UNDO
[2018.05.25-13.15.22:096][774]LogEditorTransaction: Undo Edit Crane Yaw
[2018.05.25-13.15.23:983][855]LogEditorViewport: Clicking on Actor (LMB): CineCameraActor (CineCameraActor257)
[2018.05.25-13.15.24:837][895]LogEditorViewport: Clicking on Actor (LMB): CameraRig_Crane (CameraRig_Crane1)
[2018.05.25-13.15.25:669][940]LogEditorViewport: Clicking on Actor (LMB): CineCameraActor (CineCameraActor257)
[2018.05.25-13.15.31:286][293]LogEditorViewport: Clicking on Actor (LMB): CameraRig_Crane (CameraRig_Crane1)
[2018.05.25-13.15.50:647][130]LogEditorViewport: Clicking on Actor (LMB): Character11_C (Character11)
[2018.05.25-13.15.53:528][297]LogEditorViewport: Clicking on Actor (LMB): CineCameraActor (CineCameraActor257)
[2018.05.25-13.16.01:206][800]LogEditorViewport: Clicking on Actor (LMB): CameraRig_Crane (CameraRig_Crane1)
[2018.05.25-13.16.10:973][655]LogEditorViewport: Clicking on Actor (LMB): CineCameraActor (CineCameraActor257)
[2018.05.25-13.16.29:254][741]LogEditorViewport: Clicking on Actor (LMB): Character11_C (Character11)
[2018.05.25-13.16.49:751][ 87]LogContentBrowser: Native class hierarchy updated for 'BlueprintGraph' in 0.0010 seconds. Added 113 classes and 0 folders.
[2018.05.25-13.16.50:587][ 87]LogSlate: Took 0.004800 seconds to synchronously load lazily loaded font '../../../Engine/Content/Editor/Slate/Fonts/Roboto-BoldCondensed.ttf' (158K)
[2018.05.25-13.16.53:506][324]LogRenderer: Reallocating scene render targets to support 1208x892 Format 9 NumSamples 1 (Frame:1).
[2018.05.25-13.16.59:249][839]BlueprintLog: New page: Compile Character11
[2018.05.25-13.18.09:878][ 60]LogEditorViewport: Clicking on Actor (LMB): Character11_C (Character11)
[2018.05.25-13.18.50:778][542]LogSlate: Took 0.011894 seconds to synchronously load lazily loaded font '../../../Engine/Content/Editor/Slate/Fonts/DroidSansMono.ttf' (77K)
[2018.05.25-13.21.12:895][333]LogEditorViewport: Clicking on Actor (LMB): Character11_C (Character11)
[2018.05.25-13.22.08:539][566]Cmd: OBJ SAVEPACKAGE PACKAGE="/Game/LORENZO/City_Cinematic" FILE="H:/e-art/ISONO/00_sources/UNREAL_Project/projectisono/Content/LORENZO/City_Cinematic.umap" SILENT=true AUTOSAVING=false KEEPDIRTY=false
[2018.05.25-13.22.10:416][566]LogSavePackage: Save=1411.21ms
[2018.05.25-13.22.10:418][566]LogSavePackage: Moving 'H:/e-art/ISONO/00_sources/UNREAL_Project/projectisono/Saved/City_Cinematic8A51E48143308AC849FBBCB0974D2691.tmp' to 'H:/e-art/ISONO/00_sources/UNREAL_Project/projectisono/Content/LORENZO/City_Cinematic.umap'
[2018.05.25-13.22.10:432][566]LogSavePackage: Display: Finished SavePackage H:/e-art/ISONO/00_sources/UNREAL_Project/projectisono/Content/LORENZO/City_Cinematic.umap
[2018.05.25-13.22.10:796][566]Cmd: OBJ SAVEPACKAGE PACKAGE="/Game/LORENZO/City_Cinematic_BuiltData" FILE="H:/e-art/ISONO/00_sources/UNREAL_Project/projectisono/Content/LORENZO/City_Cinematic_BuiltData.uasset" SILENT=true
[2018.05.25-13.22.15:992][566]LogSavePackage: Save=3077.18ms
[2018.05.25-13.22.15:994][566]LogSavePackage: Moving 'H:/e-art/ISONO/00_sources/UNREAL_Project/projectisono/Saved/City_Cinematic_BuiltDataF7865E274FCC3788AA14CBBB25DC162F.tmp' to 'H:/e-art/ISONO/00_sources/UNREAL_Project/projectisono/Content/LORENZO/City_Cinematic_BuiltData.uasset'
[2018.05.25-13.22.16:005][566]LogSavePackage: Display: Finished SavePackage H:/e-art/ISONO/00_sources/UNREAL_Project/projectisono/Content/LORENZO/City_Cinematic_BuiltData.uasset
[2018.05.25-13.22.17:287][664]LogContentBrowser: Native class hierarchy updated for 'MovieSceneCapture' in 0.0008 seconds. Added 11 classes and 0 folders.
[2018.05.25-13.22.17:288][664]LogLinker: Can't find file '/Engine/Transient'
[2018.05.25-13.22.29:379][ 54]LogSavePackage: Save=245.49ms
[2018.05.25-13.22.29:379][ 54]LogSavePackage: Moving 'H:/e-art/ISONO/00_sources/UNREAL_Project/projectisono/Saved/SequenceMasterC2B79574438B288204F4A79DA523DD94.tmp' to 'H:/e-art/ISONO/00_sources/UNREAL_Project/projectisono/Content/Cinematics/Sequences/Sequence/SequenceMaster.uasset'
[2018.05.25-13.22.29:384][ 54]LogSavePackage: Display: Finished SavePackage H:/e-art/ISONO/00_sources/UNREAL_Project/projectisono/Content/Cinematics/Sequences/Sequence/SequenceMaster.uasset
[2018.05.25-13.22.29:474][ 54]LogSavePackage: Save=34.69ms
[2018.05.25-13.22.29:474][ 54]LogSavePackage: Moving 'H:/e-art/ISONO/00_sources/UNREAL_Project/projectisono/Saved/Sequence22Master61023F944B420CB2D8A733B3DE5D57A9.tmp' to 'H:/e-art/ISONO/00_sources/UNREAL_Project/projectisono/Content/Cinematics/Sequences/Sequence22/Sequence22Master.uasset'
[2018.05.25-13.22.29:478][ 54]LogSavePackage: Display: Finished SavePackage H:/e-art/ISONO/00_sources/UNREAL_Project/projectisono/Content/Cinematics/Sequences/Sequence22/Sequence22Master.uasset
[2018.05.25-13.22.29:501][ 54]Cmd: OBJ SAVEPACKAGE PACKAGE="/Game/LORENZO/Character11" FILE="H:/e-art/ISONO/00_sources/UNREAL_Project/projectisono/Content/LORENZO/Character11.uasset" SILENT=true
[2018.05.25-13.22.29:616][ 54]LogSavePackage: Save=92.83ms
[2018.05.25-13.22.29:616][ 54]LogSavePackage: Moving 'H:/e-art/ISONO/00_sources/UNREAL_Project/projectisono/Saved/Character116AFE790047DB042C4EA463B704F167CB.tmp' to 'H:/e-art/ISONO/00_sources/UNREAL_Project/projectisono/Content/LORENZO/Character11.uasset'
[2018.05.25-13.22.29:621][ 54]LogSavePackage: Display: Finished SavePackage H:/e-art/ISONO/00_sources/UNREAL_Project/projectisono/Content/LORENZO/Character11.uasset
[2018.05.25-13.22.30:530][ 54]LogPlayLevel: PlayLevel: No blueprints needed recompiling
[2018.05.25-13.22.30:534][ 54]PIE: New page: PIE session: City_Cinematic (May 25, 2018, 5:22:30 PM)
[2018.05.25-13.22.30:534][ 54]LogPlayLevel: Creating play world package: /Game/LORENZO/UEDPIE_0_City_Cinematic
[2018.05.25-13.22.30:590][ 54]LogPlayLevel: PIE: StaticDuplicateObject took: (0.055768s)
[2018.05.25-13.22.30:591][ 54]LogAIModule: Creating AISystem for world City_Cinematic
[2018.05.25-13.22.30:592][ 54]LogPlayLevel: PIE: World Init took: (0.001166s)
[2018.05.25-13.22.30:592][ 54]LogPlayLevel: PIE: Created PIE world by copying editor world from /Game/LORENZO/City_Cinematic.City_Cinematic to /Game/LORENZO/UEDPIE_0_City_Cinematic.City_Cinematic (0.057602s)
[2018.05.25-13.22.30:618][ 54]LogInit: XAudio2 using 'Haut-parleur (Conexant ISST Audio)' : 2 channels at 48 kHz using 32 bits per sample (channel mask 0x3)
[2018.05.25-13.22.30:628][ 54]LogInit: FAudioDevice initialized.
[2018.05.25-13.22.31:236][ 54]LogLoad: Game class is 'ThirdPersonGameMode_C'
[2018.05.25-13.22.31:260][ 54]LogWorld: Bringing World /Game/LORENZO/UEDPIE_0_City_Cinematic.City_Cinematic up for play (max tick rate 0) at 2018.05.25-15.22.31
[2018.05.25-13.22.31:273][ 54]LogWorld: Bringing up level for play took: 0.030338
[2018.05.25-13.22.31:292][ 54]PIE: Play in editor start time for /Game/LORENZO/UEDPIE_0_City_Cinematic 1.223
[2018.05.25-13.22.31:333][ 55]LogCharacterMovement: Warning: GetSimulationTimeStep() - Max iterations 8 hit while remaining time 0.060425 > MaxSimulationTimeStep (0.050) for 'Character11_C_0', movement 'Walking'
[2018.05.25-13.22.31:387][ 55]LogRenderer: Reallocating scene render targets to support 1208x892 Format 10 NumSamples 1 (Frame:68126).
[2018.05.25-13.22.31:417][ 56]LogRenderer: Reallocating scene render targets to support 1920x1080 Format 10 NumSamples 1 (Frame:1).
[2018.05.25-13.22.31:472][ 56]LogAVIWriter: Warning: WARNING - Codec mp4 not found
[2018.05.25-13.22.31:482][ 56]LogRenderer: Reallocating scene render targets to support 1920x1080 Format 10 NumSamples 1 (Frame:2).
[2018.05.25-13.22.31:897][ 60]LogContentStreaming: Texture pool size now 678 MB
[2018.05.25-13.22.38:887][111]LogRenderer: Reallocating scene render targets to support 1920x1080 Format 9 NumSamples 1 (Frame:68127).
[2018.05.25-13.22.38:997][116]LogContentStreaming: Texture pool size now 800 MB
[2018.05.25-13.23.03:161][ 89]LogSavePackage: Save=277.76ms
[2018.05.25-13.23.03:161][ 89]LogSavePackage: Moving 'H:/e-art/ISONO/00_sources/UNREAL_Project/projectisono/Saved/SequenceMasterCBCE80DD4894A50A8732C99E2CE3FFCF.tmp' to 'H:/e-art/ISONO/00_sources/UNREAL_Project/projectisono/Content/Cinematics/Sequences/Sequence/SequenceMaster.uasset'
[2018.05.25-13.23.03:166][ 89]LogSavePackage: Display: Finished SavePackage H:/e-art/ISONO/00_sources/UNREAL_Project/projectisono/Content/Cinematics/Sequences/Sequence/SequenceMaster.uasset
[2018.05.25-13.23.03:287][ 89]Cmd: OBJ SAVEPACKAGE PACKAGE="/Game/LORENZO/City_Cinematic" FILE="H:/e-art/ISONO/00_sources/UNREAL_Project/projectisono/Content/LORENZO/City_Cinematic.umap" SILENT=true AUTOSAVING=false KEEPDIRTY=false
[2018.05.25-13.23.04:898][ 89]LogSavePackage: Save=1547.32ms
[2018.05.25-13.23.04:900][ 89]LogSavePackage: Moving 'H:/e-art/ISONO/00_sources/UNREAL_Project/projectisono/Saved/City_CinematicC49323604CD1217190776891A574ACB1.tmp' to 'H:/e-art/ISONO/00_sources/UNREAL_Project/projectisono/Content/LORENZO/City_Cinematic.umap'
[2018.05.25-13.23.04:912][ 89]LogSavePackage: Display: Finished SavePackage H:/e-art/ISONO/00_sources/UNREAL_Project/projectisono/Content/LORENZO/City_Cinematic.umap
[2018.05.25-13.23.05:097][ 89]LogFileHelpers: Saving map 'City_Cinematic' took 1.927
[2018.05.25-13.23.05:125][ 89]LogPlayLevel: PlayLevel: No blueprints needed recompiling
[2018.05.25-13.23.05:125][ 89]PIE: New page: PIE session: City_Cinematic (May 25, 2018, 5:23:05 PM)
[2018.05.25-13.23.05:125][ 89]LogPlayLevel: Creating play world package: /Game/LORENZO/UEDPIE_0_City_Cinematic
[2018.05.25-13.23.05:183][ 89]LogPlayLevel: PIE: StaticDuplicateObject took: (0.057837s)
[2018.05.25-13.23.05:184][ 89]LogAIModule: Creating AISystem for world City_Cinematic
[2018.05.25-13.23.05:184][ 89]LogPlayLevel: PIE: World Init took: (0.001190s)
[2018.05.25-13.23.05:185][ 89]LogPlayLevel: PIE: Created PIE world by copying editor world from /Game/LORENZO/City_Cinematic.City_Cinematic to /Game/LORENZO/UEDPIE_0_City_Cinematic.City_Cinematic (0.059770s)
[2018.05.25-13.23.05:209][ 89]LogInit: XAudio2 using 'Haut-parleur (Conexant ISST Audio)' : 2 channels at 48 kHz using 32 bits per sample (channel mask 0x3)
[2018.05.25-13.23.05:219][ 89]LogInit: FAudioDevice initialized.
[2018.05.25-13.23.05:307][ 89]LogLoad: Game class is 'ThirdPersonGameMode_C'
[2018.05.25-13.23.05:325][ 89]LogWorld: Bringing World /Game/LORENZO/UEDPIE_0_City_Cinematic.City_Cinematic up for play (max tick rate 0) at 2018.05.25-15.23.05
[2018.05.25-13.23.05:332][ 89]LogWorld: Bringing up level for play took: 0.023087
[2018.05.25-13.23.05:344][ 89]PIE: Play in editor start time for /Game/LORENZO/UEDPIE_0_City_Cinematic -0.725
[2018.05.25-13.23.05:400][ 90]LogContentStreaming: Texture pool size now 732 MB
[2018.05.25-13.23.05:532][ 97]LogContentStreaming: Texture pool size now 740 MB
[2018.05.25-13.23.06:228][147]LogRenderer: Reallocating scene render targets to support 1920x1080 Format 10 NumSamples 1 (Frame:1).
[2018.05.25-13.23.06:312][147]LogAVIWriter: Warning: WARNING - Codec mp4 not found
[2018.05.25-13.23.06:322][147]LogRenderer: Reallocating scene render targets to support 1920x1080 Format 10 NumSamples 1 (Frame:2).
[2018.05.25-13.24.19:911][605]LogRenderer: Reallocating scene render targets to support 1920x1080 Format 9 NumSamples 1 (Frame:69819).
[2018.05.25-13.24.19:999][608]LogContentStreaming: Texture pool size now 800 MB
[2018.05.25-13.24.29:286][109]LogSavePackage: Save=252.49ms
[2018.05.25-13.24.29:286][109]LogSavePackage: Moving 'H:/e-art/ISONO/00_sources/UNREAL_Project/projectisono/Saved/SequenceMasterA7944219499093D19ECE75842108EEA0.tmp' to 'H:/e-art/ISONO/00_sources/UNREAL_Project/projectisono/Content/Cinematics/Sequences/Sequence/SequenceMaster.uasset'
[2018.05.25-13.24.29:291][109]LogSavePackage: Display: Finished SavePackage H:/e-art/ISONO/00_sources/UNREAL_Project/projectisono/Content/Cinematics/Sequences/Sequence/SequenceMaster.uasset
[2018.05.25-13.24.29:413][109]Cmd: OBJ SAVEPACKAGE PACKAGE="/Game/LORENZO/City_Cinematic" FILE="H:/e-art/ISONO/00_sources/UNREAL_Project/projectisono/Content/LORENZO/City_Cinematic.umap" SILENT=true AUTOSAVING=false KEEPDIRTY=false
[2018.05.25-13.24.30:855][109]LogSavePackage: Save=1381.47ms
[2018.05.25-13.24.30:858][109]LogSavePackage: Moving 'H:/e-art/ISONO/00_sources/UNREAL_Project/projectisono/Saved/City_Cinematic8A21C72C45C96CDB70082DB511D4A216.tmp' to 'H:/e-art/ISONO/00_sources/UNREAL_Project/projectisono/Content/LORENZO/City_Cinematic.umap'
[2018.05.25-13.24.30:867][109]LogSavePackage: Display: Finished SavePackage H:/e-art/ISONO/00_sources/UNREAL_Project/projectisono/Content/LORENZO/City_Cinematic.umap
[2018.05.25-13.24.30:919][109]LogFileHelpers: Saving map 'City_Cinematic' took 1.623
[2018.05.25-13.24.30:945][109]LogPlayLevel: PlayLevel: No blueprints needed recompiling
[2018.05.25-13.24.30:945][109]PIE: New page: PIE session: City_Cinematic (May 25, 2018, 5:24:30 PM)
[2018.05.25-13.24.30:945][109]LogPlayLevel: Creating play world package: /Game/LORENZO/UEDPIE_0_City_Cinematic
[2018.05.25-13.24.31:002][109]LogPlayLevel: PIE: StaticDuplicateObject took: (0.056604s)
[2018.05.25-13.24.31:003][109]LogAIModule: Creating AISystem for world City_Cinematic
[2018.05.25-13.24.31:003][109]LogPlayLevel: PIE: World Init took: (0.000969s)
[2018.05.25-13.24.31:004][109]LogPlayLevel: PIE: Created PIE world by copying editor world from /Game/LORENZO/City_Cinematic.City_Cinematic to /Game/LORENZO/UEDPIE_0_City_Cinematic.City_Cinematic (0.058266s)
[2018.05.25-13.24.31:028][109]LogInit: XAudio2 using 'Haut-parleur (Conexant ISST Audio)' : 2 channels at 48 kHz using 32 bits per sample (channel mask 0x3)
[2018.05.25-13.24.31:038][109]LogInit: FAudioDevice initialized.
[2018.05.25-13.24.31:164][109]LogLoad: Game class is 'ThirdPersonGameMode_C'
[2018.05.25-13.24.31:181][109]LogWorld: Bringing World /Game/LORENZO/UEDPIE_0_City_Cinematic.City_Cinematic up for play (max tick rate 0) at 2018.05.25-15.24.31
[2018.05.25-13.24.31:187][109]LogWorld: Bringing up level for play took: 0.021972
[2018.05.25-13.24.31:201][109]PIE: Play in editor start time for /Game/LORENZO/UEDPIE_0_City_Cinematic 1.132
[2018.05.25-13.24.31:289][112]LogContentStreaming: Texture pool size now 743 MB
[2018.05.25-13.24.32:046][170]LogRenderer: Reallocating scene render targets to support 1920x1080 Format 10 NumSamples 1 (Frame:1).
[2018.05.25-13.24.32:098][170]LogAVIWriter: Warning: WARNING - Codec mp4 not found
[2018.05.25-13.24.32:107][170]LogRenderer: Reallocating scene render targets to support 1920x1080 Format 10 NumSamples 1 (Frame:2).
[2018.05.25-13.26.00:692][728]LogContentStreaming: Texture pool size now 654 MB
[2018.05.25-13.26.13:553][807]LogRenderer: Reallocating scene render targets to support 1920x1080 Format 9 NumSamples 1 (Frame:70304).
[2018.05.25-13.26.13:667][812]LogContentStreaming: Texture pool size now 800 MB
[2018.05.25-13.26.18:613][168]Cmd: OBJ SAVEPACKAGE PACKAGE="/Game/LORENZO/City_Cinematic" FILE="H:/e-art/ISONO/00_sources/UNREAL_Project/projectisono/Content/LORENZO/City_Cinematic.umap" SILENT=true AUTOSAVING=false KEEPDIRTY=false
[2018.05.25-13.26.20:355][168]LogSavePackage: Save=1432.70ms
[2018.05.25-13.26.20:356][168]LogSavePackage: Moving 'H:/e-art/ISONO/00_sources/UNREAL_Project/projectisono/Saved/City_CinematicA00E34064F8A06C8EE621B9EF964238B.tmp' to 'H:/e-art/ISONO/00_sources/UNREAL_Project/projectisono/Content/LORENZO/City_Cinematic.umap'
[2018.05.25-13.26.20:363][168]LogSavePackage: Display: Finished SavePackage H:/e-art/ISONO/00_sources/UNREAL_Project/projectisono/Content/LORENZO/City_Cinematic.umap
[2018.05.25-13.26.20:415][168]Cmd: OBJ SAVEPACKAGE PACKAGE="/Game/LORENZO/City_Cinematic_BuiltData" FILE="H:/e-art/ISONO/00_sources/UNREAL_Project/projectisono/Content/LORENZO/City_Cinematic_BuiltData.uasset" SILENT=true
[2018.05.25-13.26.22:508][168]LogSavePackage: Save=1991.37ms
[2018.05.25-13.26.22:510][168]LogSavePackage: Moving 'H:/e-art/ISONO/00_sources/UNREAL_Project/projectisono/Saved/City_Cinematic_BuiltData7069225E409298CF44B893BE737E805C.tmp' to 'H:/e-art/ISONO/00_sources/UNREAL_Project/projectisono/Content/LORENZO/City_Cinematic_BuiltData.uasset'
[2018.05.25-13.26.22:522][168]LogSavePackage: Display: Finished SavePackage H:/e-art/ISONO/00_sources/UNREAL_Project/projectisono/Content/LORENZO/City_Cinematic_BuiltData.uasset
[2018.05.25-13.28.49:338][357]LogSavePackage: Save=242.44ms
[2018.05.25-13.28.49:338][357]LogSavePackage: Moving 'H:/e-art/ISONO/00_sources/UNREAL_Project/projectisono/Saved/SequenceMaster7CE4D52D4ED2E7F0B7148D98C281C3C0.tmp' to 'H:/e-art/ISONO/00_sources/UNREAL_Project/projectisono/Content/Cinematics/Sequences/Sequence/SequenceMaster.uasset'
[2018.05.25-13.28.49:362][357]LogSavePackage: Display: Finished SavePackage H:/e-art/ISONO/00_sources/UNREAL_Project/projectisono/Content/Cinematics/Sequences/Sequence/SequenceMaster.uasset
[2018.05.25-13.28.49:484][357]Cmd: OBJ SAVEPACKAGE PACKAGE="/Game/LORENZO/City_Cinematic" FILE="H:/e-art/ISONO/00_sources/UNREAL_Project/projectisono/Content/LORENZO/City_Cinematic.umap" SILENT=true AUTOSAVING=false KEEPDIRTY=false
[2018.05.25-13.28.51:006][357]LogSavePackage: Save=1439.70ms
[2018.05.25-13.28.51:009][357]LogSavePackage: Moving 'H:/e-art/ISONO/00_sources/UNREAL_Project/projectisono/Saved/City_CinematicD7B4CE724E1092B2569C67AA7647B3BD.tmp' to 'H:/e-art/ISONO/00_sources/UNREAL_Project/projectisono/Content/LORENZO/City_Cinematic.umap'
[2018.05.25-13.28.51:020][357]LogSavePackage: Display: Finished SavePackage H:/e-art/ISONO/00_sources/UNREAL_Project/projectisono/Content/LORENZO/City_Cinematic.umap
[2018.05.25-13.28.51:075][357]LogFileHelpers: Saving map 'City_Cinematic' took 1.710
[2018.05.25-13.28.51:126][357]LogPlayLevel: PlayLevel: No blueprints needed recompiling
[2018.05.25-13.28.51:126][357]PIE: New page: PIE session: City_Cinematic (May 25, 2018, 5:28:51 PM)
[2018.05.25-13.28.51:126][357]LogPlayLevel: Creating play world package: /Game/LORENZO/UEDPIE_0_City_Cinematic
[2018.05.25-13.28.51:187][357]LogPlayLevel: PIE: StaticDuplicateObject took: (0.060719s)
[2018.05.25-13.28.51:189][357]LogAIModule: Creating AISystem for world City_Cinematic
[2018.05.25-13.28.51:189][357]LogPlayLevel: PIE: World Init took: (0.001544s)
[2018.05.25-13.28.51:190][357]LogPlayLevel: PIE: Created PIE world by copying editor world from /Game/LORENZO/City_Cinematic.City_Cinematic to /Game/LORENZO/UEDPIE_0_City_Cinematic.City_Cinematic (0.063248s)
[2018.05.25-13.28.51:216][357]LogInit: XAudio2 using 'Haut-parleur (Conexant ISST Audio)' : 2 channels at 48 kHz using 32 bits per sample (channel mask 0x3)
[2018.05.25-13.28.51:227][357]LogInit: FAudioDevice initialized.
[2018.05.25-13.28.51:318][357]LogLoad: Game class is 'ThirdPersonGameMode_C'
[2018.05.25-13.28.51:335][357]LogWorld: Bringing World /Game/LORENZO/UEDPIE_0_City_Cinematic.City_Cinematic up for play (max tick rate 0) at 2018.05.25-15.28.51
[2018.05.25-13.28.51:341][357]LogWorld: Bringing up level for play took: 0.021728
[2018.05.25-13.28.51:356][357]PIE: Play in editor start time for /Game/LORENZO/UEDPIE_0_City_Cinematic -0.713
[2018.05.25-13.28.51:364][357]LogContentStreaming: Texture pool size now 740 MB
[2018.05.25-13.28.51:588][364]LogContentStreaming: Texture pool size now 748 MB
[2018.05.25-13.28.52:200][412]LogRenderer: Reallocating scene render targets to support 1920x1080 Format 10 NumSamples 1 (Frame:1).
[2018.05.25-13.28.52:250][412]LogAVIWriter: Warning: WARNING - Codec mp4 not found
[2018.05.25-13.28.52:257][412]LogRenderer: Reallocating scene render targets to support 1920x1080 Format 10 NumSamples 1 (Frame:2).
[2018.05.25-13.29.27:549][644]LogContentStreaming: Texture pool size now 632 MB
[2018.05.25-13.30.10:453][908]LogRenderer: Reallocating scene render targets to support 1920x1080 Format 9 NumSamples 1 (Frame:76454).
[2018.05.25-13.30.10:606][910]LogRenderer: Reallocating scene render targets to support 1920x1080 Format 9 NumSamples 1 (Frame:76455).
[2018.05.25-13.30.10:611][910]LogContentStreaming: Texture pool size now 800 MB
[2018.05.25-13.30.58:184][572]LogSavePackage: Save=246.21ms
[2018.05.25-13.30.58:184][572]LogSavePackage: Moving 'H:/e-art/ISONO/00_sources/UNREAL_Project/projectisono/Saved/SequenceMaster5667B113437DCC0329F992BAF01F2042.tmp' to 'H:/e-art/ISONO/00_sources/UNREAL_Project/projectisono/Content/Cinematics/Sequences/Sequence/SequenceMaster.uasset'
[2018.05.25-13.30.58:190][572]LogSavePackage: Display: Finished SavePackage H:/e-art/ISONO/00_sources/UNREAL_Project/projectisono/Content/Cinematics/Sequences/Sequence/SequenceMaster.uasset
[2018.05.25-13.30.58:309][572]Cmd: OBJ SAVEPACKAGE PACKAGE="/Game/LORENZO/City_Cinematic" FILE="H:/e-art/ISONO/00_sources/UNREAL_Project/projectisono/Content/LORENZO/City_Cinematic.umap" SILENT=true AUTOSAVING=false KEEPDIRTY=false
[2018.05.25-13.30.59:725][572]LogSavePackage: Save=1365.23ms
[2018.05.25-13.30.59:726][572]LogSavePackage: Moving 'H:/e-art/ISONO/00_sources/UNREAL_Project/projectisono/Saved/City_Cinematic72D260104EEDC62D6BD211B8215A1C6A.tmp' to 'H:/e-art/ISONO/00_sources/UNREAL_Project/projectisono/Content/LORENZO/City_Cinematic.umap'
[2018.05.25-13.30.59:737][572]LogSavePackage: Display: Finished SavePackage H:/e-art/ISONO/00_sources/UNREAL_Project/projectisono/Content/LORENZO/City_Cinematic.umap
[2018.05.25-13.30.59:797][572]LogFileHelpers: Saving map 'City_Cinematic' took 1.602
[2018.05.25-13.30.59:823][572]LogPlayLevel: PlayLevel: No blueprints needed recompiling
[2018.05.25-13.30.59:823][572]PIE: New page: PIE session: City_Cinematic (May 25, 2018, 5:30:59 PM)
[2018.05.25-13.30.59:823][572]LogPlayLevel: Creating play world package: /Game/LORENZO/UEDPIE_0_City_Cinematic
[2018.05.25-13.30.59:882][572]LogPlayLevel: PIE: StaticDuplicateObject took: (0.058348s)
[2018.05.25-13.30.59:883][572]LogAIModule: Creating AISystem for world City_Cinematic
[2018.05.25-13.30.59:883][572]LogPlayLevel: PIE: World Init took: (0.001198s)
[2018.05.25-13.30.59:884][572]LogPlayLevel: PIE: Created PIE world by copying editor world from /Game/LORENZO/City_Cinematic.City_Cinematic to /Game/LORENZO/UEDPIE_0_City_Cinematic.City_Cinematic (0.060198s)
[2018.05.25-13.30.59:940][572]LogInit: XAudio2 using 'Haut-parleur (Conexant ISST Audio)' : 2 channels at 48 kHz using 32 bits per sample (channel mask 0x3)
[2018.05.25-13.30.59:949][572]LogInit: FAudioDevice initialized.
[2018.05.25-13.31.00:042][572]LogLoad: Game class is 'ThirdPersonGameMode_C'
[2018.05.25-13.31.00:059][572]LogWorld: Bringing World /Game/LORENZO/UEDPIE_0_City_Cinematic.City_Cinematic up for play (max tick rate 0) at 2018.05.25-15.31.00
[2018.05.25-13.31.00:064][572]LogWorld: Bringing up level for play took: 0.021135
[2018.05.25-13.31.00:081][572]PIE: Play in editor start time for /Game/LORENZO/UEDPIE_0_City_Cinematic 0.012
[2018.05.25-13.31.00:204][577]LogContentStreaming: Texture pool size now 721 MB
[2018.05.25-13.31.00:320][584]LogContentStreaming: Texture pool size now 743 MB
[2018.05.25-13.31.00:915][631]LogRenderer: Reallocating scene render targets to support 1920x1080 Format 10 NumSamples 1 (Frame:1).
[2018.05.25-13.31.00:966][631]LogAVIWriter: Warning: WARNING - Codec mp4 not found
[2018.05.25-13.31.00:976][631]LogRenderer: Reallocating scene render targets to support 1920x1080 Format 10 NumSamples 1 (Frame:2).
[2018.05.25-13.31.36:667][864]LogContentStreaming: Texture pool size now 626 MB
[2018.05.25-13.31.53:140][964]LogRenderer: Reallocating scene render targets to support 1920x1080 Format 9 NumSamples 1 (Frame:80365).
[2018.05.25-13.31.53:170][965]LogRenderer: Reallocating scene render targets to support 1920x1080 Format 9 NumSamples 1 (Frame:565).
[2018.05.25-13.31.53:311][969]LogContentStreaming: Texture pool size now 800 MB
[2018.05.25-13.33.02:711][438]BlueprintLog: New page: Compile Character11
[2018.05.25-13.33.53:907][ 42]LogSavePackage: Save=245.59ms
[2018.05.25-13.33.53:907][ 42]LogSavePackage: Moving 'H:/e-art/ISONO/00_sources/UNREAL_Project/projectisono/Saved/SequenceMaster7EFBA8C9430F279DA84947B82A1C1DF2.tmp' to 'H:/e-art/ISONO/00_sources/UNREAL_Project/projectisono/Content/Cinematics/Sequences/Sequence/SequenceMaster.uasset'
[2018.05.25-13.33.53:912][ 42]LogSavePackage: Display: Finished SavePackage H:/e-art/ISONO/00_sources/UNREAL_Project/projectisono/Content/Cinematics/Sequences/Sequence/SequenceMaster.uasset
[2018.05.25-13.33.53:938][ 42]Cmd: OBJ SAVEPACKAGE PACKAGE="/Game/LORENZO/Character11" FILE="H:/e-art/ISONO/00_sources/UNREAL_Project/projectisono/Content/LORENZO/Character11.uasset" SILENT=true
[2018.05.25-13.33.54:063][ 42]LogSavePackage: Save=89.99ms
[2018.05.25-13.33.54:063][ 42]LogSavePackage: Moving 'H:/e-art/ISONO/00_sources/UNREAL_Project/projectisono/Saved/Character111B0A40EE4E3848141F8DE691D78534C1.tmp' to 'H:/e-art/ISONO/00_sources/UNREAL_Project/projectisono/Content/LORENZO/Character11.uasset'
[2018.05.25-13.33.54:070][ 42]LogSavePackage: Display: Finished SavePackage H:/e-art/ISONO/00_sources/UNREAL_Project/projectisono/Content/LORENZO/Character11.uasset
[2018.05.25-13.33.54:190][ 42]Cmd: OBJ SAVEPACKAGE PACKAGE="/Game/LORENZO/City_Cinematic" FILE="H:/e-art/ISONO/00_sources/UNREAL_Project/projectisono/Content/LORENZO/City_Cinematic.umap" SILENT=true AUTOSAVING=false KEEPDIRTY=false
[2018.05.25-13.33.55:879][ 42]LogSavePackage: Save=1605.27ms
[2018.05.25-13.33.55:881][ 42]LogSavePackage: Moving 'H:/e-art/ISONO/00_sources/UNREAL_Project/projectisono/Saved/City_Cinematic24493678474F232B892267AD09C63CBF.tmp' to 'H:/e-art/ISONO/00_sources/UNREAL_Project/projectisono/Content/LORENZO/City_Cinematic.umap'
[2018.05.25-13.33.55:892][ 42]LogSavePackage: Display: Finished SavePackage H:/e-art/ISONO/00_sources/UNREAL_Project/projectisono/Content/LORENZO/City_Cinematic.umap
[2018.05.25-13.33.55:949][ 42]LogFileHelpers: Saving map 'City_Cinematic' took 1.874
[2018.05.25-13.33.55:987][ 42]LogPlayLevel: PlayLevel: No blueprints needed recompiling
[2018.05.25-13.33.55:987][ 42]PIE: New page: PIE session: City_Cinematic (May 25, 2018, 5:33:55 PM)
[2018.05.25-13.33.55:987][ 42]LogPlayLevel: Creating play world package: /Game/LORENZO/UEDPIE_0_City_Cinematic
[2018.05.25-13.33.56:049][ 42]LogPlayLevel: PIE: StaticDuplicateObject took: (0.061937s)
[2018.05.25-13.33.56:050][ 42]LogAIModule: Creating AISystem for world City_Cinematic
[2018.05.25-13.33.56:050][ 42]LogPlayLevel: PIE: World Init took: (0.001199s)
[2018.05.25-13.33.56:051][ 42]LogPlayLevel: PIE: Created PIE world by copying editor world from /Game/LORENZO/City_Cinematic.City_Cinematic to /Game/LORENZO/UEDPIE_0_City_Cinematic.City_Cinematic (0.063735s)
[2018.05.25-13.33.56:116][ 42]LogInit: XAudio2 using 'Haut-parleur (Conexant ISST Audio)' : 2 channels at 48 kHz using 32 bits per sample (channel mask 0x3)
[2018.05.25-13.33.56:129][ 42]LogInit: FAudioDevice initialized.
[2018.05.25-13.33.56:239][ 42]LogLoad: Game class is 'ThirdPersonGameMode_C'
[2018.05.25-13.33.56:256][ 42]LogWorld: Bringing World /Game/LORENZO/UEDPIE_0_City_Cinematic.City_Cinematic up for play (max tick rate 0) at 2018.05.25-15.33.56
[2018.05.25-13.33.56:262][ 42]LogWorld: Bringing up level for play took: 0.022339
[2018.05.25-13.33.56:276][ 42]PIE: Play in editor start time for /Game/LORENZO/UEDPIE_0_City_Cinematic 0.207
[2018.05.25-13.33.56:433][ 48]LogContentStreaming: Texture pool size now 746 MB
[2018.05.25-13.33.57:069][ 97]LogRenderer: Reallocating scene render targets to support 1920x1080 Format 10 NumSamples 1 (Frame:1).
[2018.05.25-13.33.57:143][ 97]LogAVIWriter: Warning: WARNING - Codec mp4 not found
[2018.05.25-13.33.57:150][ 97]LogRenderer: Reallocating scene render targets to support 1920x1080 Format 10 NumSamples 1 (Frame:2).
[2018.05.25-13.34.04:799][151]LogRenderer: Reallocating scene render targets to support 1920x1080 Format 9 NumSamples 1 (Frame:88312).
[2018.05.25-13.34.04:969][152]LogRenderer: Reallocating scene render targets to support 1920x1080 Format 9 NumSamples 1 (Frame:738).
[2018.05.25-13.34.05:050][153]LogContentStreaming: Texture pool size now 800 MB
[2018.05.25-13.34.16:091][678]LogSavePackage: Save=251.49ms
[2018.05.25-13.34.16:091][678]LogSavePackage: Moving 'H:/e-art/ISONO/00_sources/UNREAL_Project/projectisono/Saved/SequenceMaster46214AAC47CB16B006CCE5A455EA6EC3.tmp' to 'H:/e-art/ISONO/00_sources/UNREAL_Project/projectisono/Content/Cinematics/Sequences/Sequence/SequenceMaster.uasset'
[2018.05.25-13.34.16:097][678]LogSavePackage: Display: Finished SavePackage H:/e-art/ISONO/00_sources/UNREAL_Project/projectisono/Content/Cinematics/Sequences/Sequence/SequenceMaster.uasset
[2018.05.25-13.34.16:214][678]Cmd: OBJ SAVEPACKAGE PACKAGE="/Game/LORENZO/City_Cinematic" FILE="H:/e-art/ISONO/00_sources/UNREAL_Project/projectisono/Content/LORENZO/City_Cinematic.umap" SILENT=true AUTOSAVING=false KEEPDIRTY=false
[2018.05.25-13.34.17:646][678]LogSavePackage: Save=1386.29ms
[2018.05.25-13.34.17:649][678]LogSavePackage: Moving 'H:/e-art/ISONO/00_sources/UNREAL_Project/projectisono/Saved/City_Cinematic979FEB424B3C6AA5562CB185C22F58F4.tmp' to 'H:/e-art/ISONO/00_sources/UNREAL_Project/projectisono/Content/LORENZO/City_Cinematic.umap'
[2018.05.25-13.34.17:659][678]LogSavePackage: Display: Finished SavePackage H:/e-art/ISONO/00_sources/UNREAL_Project/projectisono/Content/LORENZO/City_Cinematic.umap
[2018.05.25-13.34.17:713][678]LogFileHelpers: Saving map 'City_Cinematic' took 1.611
[2018.05.25-13.34.17:742][678]LogPlayLevel: PlayLevel: No blueprints needed recompiling
[2018.05.25-13.34.17:742][678]PIE: New page: PIE session: City_Cinematic (May 25, 2018, 5:34:17 PM)
[2018.05.25-13.34.17:742][678]LogPlayLevel: Creating play world package: /Game/LORENZO/UEDPIE_0_City_Cinematic
[2018.05.25-13.34.17:797][678]LogPlayLevel: PIE: StaticDuplicateObject took: (0.055001s)
[2018.05.25-13.34.17:798][678]LogAIModule: Creating AISystem for world City_Cinematic
[2018.05.25-13.34.17:799][678]LogPlayLevel: PIE: World Init took: (0.001099s)
[2018.05.25-13.34.17:799][678]LogPlayLevel: PIE: Created PIE world by copying editor world from /Game/LORENZO/City_Cinematic.City_Cinematic to /Game/LORENZO/UEDPIE_0_City_Cinematic.City_Cinematic (0.056734s)
[2018.05.25-13.34.17:855][678]LogInit: XAudio2 using 'Haut-parleur (Conexant ISST Audio)' : 2 channels at 48 kHz using 32 bits per sample (channel mask 0x3)
[2018.05.25-13.34.17:865][678]LogInit: FAudioDevice initialized.
[2018.05.25-13.34.17:958][678]LogLoad: Game class is 'ThirdPersonGameMode_C'
[2018.05.25-13.34.17:976][678]LogWorld: Bringing World /Game/LORENZO/UEDPIE_0_City_Cinematic.City_Cinematic up for play (max tick rate 0) at 2018.05.25-15.34.17
[2018.05.25-13.34.17:981][678]LogWorld: Bringing up level for play took: 0.021588
[2018.05.25-13.34.17:996][678]PIE: Play in editor start time for /Game/LORENZO/UEDPIE_0_City_Cinematic -0.074
[2018.05.25-13.34.18:005][678]LogContentStreaming: Texture pool size now 736 MB
[2018.05.25-13.34.18:157][685]LogContentStreaming: Texture pool size now 740 MB
[2018.05.25-13.34.18:834][738]LogRenderer: Reallocating scene render targets to support 1920x1080 Format 10 NumSamples 1 (Frame:1).
[2018.05.25-13.34.18:903][738]LogAVIWriter: Warning: WARNING - Codec mp4 not found
[2018.05.25-13.34.18:911][738]LogRenderer: Reallocating scene render targets to support 1920x1080 Format 10 NumSamples 1 (Frame:2).
[2018.05.25-13.34.53:428][965]LogContentStreaming: Texture pool size now 623 MB
[2018.05.25-13.34.55:231][974]LogRenderer: Reallocating scene render targets to support 1920x1080 Format 9 NumSamples 1 (Frame:89337).
[2018.05.25-13.34.55:415][975]LogRenderer: Reallocating scene render targets to support 1920x1080 Format 9 NumSamples 1 (Frame:745).
[2018.05.25-13.34.55:570][979]LogContentStreaming: Texture pool size now 800 MB
[2018.05.25-13.35.18:820][283]LogSavePackage: Save=273.66ms
[2018.05.25-13.35.18:820][283]LogSavePackage: Moving 'H:/e-art/ISONO/00_sources/UNREAL_Project/projectisono/Saved/SequenceMaster5A1508B0400D364811DC52BE13C354AC.tmp' to 'H:/e-art/ISONO/00_sources/UNREAL_Project/projectisono/Content/Cinematics/Sequences/Sequence/SequenceMaster.uasset'
[2018.05.25-13.35.18:824][283]LogSavePackage: Display: Finished SavePackage H:/e-art/ISONO/00_sources/UNREAL_Project/projectisono/Content/Cinematics/Sequences/Sequence/SequenceMaster.uasset
[2018.05.25-13.35.18:947][283]Cmd: OBJ SAVEPACKAGE PACKAGE="/Game/LORENZO/City_Cinematic" FILE="H:/e-art/ISONO/00_sources/UNREAL_Project/projectisono/Content/LORENZO/City_Cinematic.umap" SILENT=true AUTOSAVING=false KEEPDIRTY=false
[2018.05.25-13.35.20:483][283]LogSavePackage: Save=1490.84ms
[2018.05.25-13.35.20:485][283]LogSavePackage: Moving 'H:/e-art/ISONO/00_sources/UNREAL_Project/projectisono/Saved/City_Cinematic2462F439483B83463BC1C7B8391DE9E3.tmp' to 'H:/e-art/ISONO/00_sources/UNREAL_Project/projectisono/Content/LORENZO/City_Cinematic.umap'
[2018.05.25-13.35.20:497][283]LogSavePackage: Display: Finished SavePackage H:/e-art/ISONO/00_sources/UNREAL_Project/projectisono/Content/LORENZO/City_Cinematic.umap
[2018.05.25-13.35.20:553][283]LogFileHelpers: Saving map 'City_Cinematic' took 1.724
[2018.05.25-13.35.20:574][283]LogPlayLevel: PlayLevel: No blueprints needed recompiling
[2018.05.25-13.35.20:574][283]PIE: New page: PIE session: City_Cinematic (May 25, 2018, 5:35:20 PM)
[2018.05.25-13.35.20:575][283]LogPlayLevel: Creating play world package: /Game/LORENZO/UEDPIE_0_City_Cinematic
[2018.05.25-13.35.20:633][283]LogPlayLevel: PIE: StaticDuplicateObject took: (0.058012s)
[2018.05.25-13.35.20:634][283]LogAIModule: Creating AISystem for world City_Cinematic
[2018.05.25-13.35.20:634][283]LogPlayLevel: PIE: World Init took: (0.001446s)
[2018.05.25-13.35.20:635][283]LogPlayLevel: PIE: Created PIE world by copying editor world from /Game/LORENZO/City_Cinematic.City_Cinematic to /Game/LORENZO/UEDPIE_0_City_Cinematic.City_Cinematic (0.060062s)
[2018.05.25-13.35.20:700][283]LogInit: XAudio2 using 'Haut-parleur (Conexant ISST Audio)' : 2 channels at 48 kHz using 32 bits per sample (channel mask 0x3)
[2018.05.25-13.35.20:714][283]LogInit: FAudioDevice initialized.
[2018.05.25-13.35.20:807][283]LogLoad: Game class is 'ThirdPersonGameMode_C'
[2018.05.25-13.35.20:824][283]LogWorld: Bringing World /Game/LORENZO/UEDPIE_0_City_Cinematic.City_Cinematic up for play (max tick rate 0) at 2018.05.25-15.35.20
[2018.05.25-13.35.20:830][283]LogWorld: Bringing up level for play took: 0.021864
[2018.05.25-13.35.20:843][283]PIE: Play in editor start time for /Game/LORENZO/UEDPIE_0_City_Cinematic 0.774
[2018.05.25-13.35.20:967][288]LogContentStreaming: Texture pool size now 712 MB
[2018.05.25-13.35.21:081][295]LogContentStreaming: Texture pool size now 740 MB
[2018.05.25-13.35.21:667][341]LogRenderer: Reallocating scene render targets to support 1920x1080 Format 10 NumSamples 1 (Frame:1).
[2018.05.25-13.35.21:719][341]LogAVIWriter: Warning: WARNING - Codec mp4 not found
[2018.05.25-13.35.21:728][341]LogRenderer: Reallocating scene render targets to support 1920x1080 Format 10 NumSamples 1 (Frame:2).
[2018.05.25-13.35.56:142][568]LogContentStreaming: Texture pool size now 623 MB
[2018.05.25-13.35.59:741][588]LogRenderer: Reallocating scene render targets to support 1920x1080 Format 9 NumSamples 1 (Frame:91230).
[2018.05.25-13.35.59:918][589]LogContentStreaming: Texture pool size now 800 MB
[2018.05.25-13.35.59:935][590]LogRenderer: Reallocating scene render targets to support 1920x1080 Format 9 NumSamples 1 (Frame:766).
[2018.05.25-13.36.02:049][701]Cmd: OBJ SAVEPACKAGE PACKAGE="/Game/LORENZO/City_Cinematic" FILE="H:/e-art/ISONO/00_sources/UNREAL_Project/projectisono/Content/LORENZO/City_Cinematic.umap" SILENT=true AUTOSAVING=false KEEPDIRTY=false
[2018.05.25-13.36.03:685][701]LogSavePackage: Save=1483.82ms
[2018.05.25-13.36.03:688][701]LogSavePackage: Moving 'H:/e-art/ISONO/00_sources/UNREAL_Project/projectisono/Saved/City_Cinematic691DDBDB451EF4CA7D963F8B297DEC8E.tmp' to 'H:/e-art/ISONO/00_sources/UNREAL_Project/projectisono/Content/LORENZO/City_Cinematic.umap'
[2018.05.25-13.36.03:698][701]LogSavePackage: Display: Finished SavePackage H:/e-art/ISONO/00_sources/UNREAL_Project/projectisono/Content/LORENZO/City_Cinematic.umap
[2018.05.25-13.36.03:754][701]Cmd: OBJ SAVEPACKAGE PACKAGE="/Game/LORENZO/City_Cinematic_BuiltData" FILE="H:/e-art/ISONO/00_sources/UNREAL_Project/projectisono/Content/LORENZO/City_Cinematic_BuiltData.uasset" SILENT=true
[2018.05.25-13.36.05:863][701]LogSavePackage: Save=1704.87ms
[2018.05.25-13.36.05:865][701]LogSavePackage: Moving 'H:/e-art/ISONO/00_sources/UNREAL_Project/projectisono/Saved/City_Cinematic_BuiltDataABD003AF4014E26802ACC09D38F21EF7.tmp' to 'H:/e-art/ISONO/00_sources/UNREAL_Project/projectisono/Content/LORENZO/City_Cinematic_BuiltData.uasset'
[2018.05.25-13.36.05:878][701]LogSavePackage: Display: Finished SavePackage H:/e-art/ISONO/00_sources/UNREAL_Project/projectisono/Content/LORENZO/City_Cinematic_BuiltData.uasset
[2018.05.25-13.36.13:967][ 94]LogSavePackage: Save=259.70ms
[2018.05.25-13.36.13:967][ 94]LogSavePackage: Moving 'H:/e-art/ISONO/00_sources/UNREAL_Project/projectisono/Saved/SequenceMasterF767C4B44D0C5E5A2D9FAB86B6126EEF.tmp' to 'H:/e-art/ISONO/00_sources/UNREAL_Project/projectisono/Content/Cinematics/Sequences/Sequence/SequenceMaster.uasset'
[2018.05.25-13.36.13:971][ 94]LogSavePackage: Display: Finished SavePackage H:/e-art/ISONO/00_sources/UNREAL_Project/projectisono/Content/Cinematics/Sequences/Sequence/SequenceMaster.uasset
[2018.05.25-13.36.15:174][ 95]Cmd: QUIT_EDITOR
[2018.05.25-13.36.15:321][ 95]LogWindowsTextInputMethodSystem: Display: IME system now deactivated.
[2018.05.25-13.36.15:341][ 95]LogExit: Preparing to exit.
[2018.05.25-13.36.16:318][ 95]LogExit: Editor shut down
[2018.05.25-13.36.16:322][ 95]LogExit: Transaction tracking system shut down
[2018.05.25-13.36.16:642][ 95]LogDirectoryWatcher: A directory notification for '../../../Engine/Content/' was aborted.
[2018.05.25-13.36.16:643][ 95]LogDirectoryWatcher: A directory notification for 'H:/e-art/ISONO/00_sources/UNREAL_Project/projectisono/Content/' was aborted.
[2018.05.25-13.36.16:643][ 95]LogDirectoryWatcher: A directory notification for '../../../Engine/Plugins/2D/Paper2D/Content/' was aborted.
[2018.05.25-13.36.16:643][ 95]LogDirectoryWatcher: A directory notification for '../../../Engine/Plugins/Runtime/Oculus/OculusVR/Content/' was aborted.
[2018.05.25-13.36.16:643][ 95]LogDirectoryWatcher: A directory notification for '../../../Engine/Plugins/Runtime/Steam/SteamVR/Content/' was aborted.
[2018.05.25-13.36.16:742][ 95]LogExit: Object subsystem successfully closed.
[2018.05.25-13.36.16:763][ 95]LogD3D11RHI: Shutdown
[2018.05.25-13.36.16:763][ 95]LogD3D11RHI: CleanupD3DDevice
[2018.05.25-13.36.17:000][ 95]LogD3D11RHI: ~FD3D11DynamicRHI
[2018.05.25-13.36.17:025][ 95]LogModuleManager: Shutting down and abandoning module MovieSceneCaptureDialog (540)
[2018.05.25-13.36.17:025][ 95]LogModuleManager: Shutting down and abandoning module MovieSceneCapture (538)
[2018.05.25-13.36.17:025][ 95]LogModuleManager: Shutting down and abandoning module BlueprintGraph (536)
[2018.05.25-13.36.17:025][ 95]LogModuleManager: Shutting down and abandoning module BlueprintProfiler (534)
[2018.05.25-13.36.17:026][ 95]LogModuleManager: Shutting down and abandoning module SequencerWidgets (532)
[2018.05.25-13.36.17:026][ 95]LogModuleManager: Shutting down and abandoning module StatsViewer (530)
[2018.05.25-13.36.17:026][ 95]LogModuleManager: Shutting down and abandoning module HierarchicalLODOutliner (528)
[2018.05.25-13.36.17:026][ 95]LogModuleManager: Shutting down and abandoning module SceneOutliner (526)
[2018.05.25-13.36.17:026][ 95]LogModuleManager: Shutting down and abandoning module AddContentDialog (524)
[2018.05.25-13.36.17:026][ 95]LogDirectoryWatcher: A directory notification for 'C:/Program Files (x86)/Epic Games/UE_4.17/FeaturePacks/' was aborted.
[2018.05.25-13.36.17:028][ 95]LogModuleManager: Shutting down and abandoning module WidgetCarousel (523)
[2018.05.25-13.36.17:028][ 95]LogModuleManager: Shutting down and abandoning module EditorWidgets (520)
[2018.05.25-13.36.17:028][ 95]LogModuleManager: Shutting down and abandoning module CollectionManager (518)
[2018.05.25-13.36.17:028][ 95]LogDirectoryWatcher: A directory notification for 'H:/e-art/ISONO/00_sources/UNREAL_Project/projectisono/Content/Collections/' was aborted.
[2018.05.25-13.36.17:028][ 95]LogDirectoryWatcher: A directory notification for 'H:/e-art/ISONO/00_sources/UNREAL_Project/projectisono/Content/Developers/Lorenzo/Collections/' was aborted.
[2018.05.25-13.36.17:028][ 95]LogDirectoryWatcher: A directory notification for 'H:/e-art/ISONO/00_sources/UNREAL_Project/projectisono/Saved/Collections/' was aborted.
[2018.05.25-13.36.17:028][ 95]LogModuleManager: Shutting down and abandoning module FoliageEdit (516)
[2018.05.25-13.36.17:028][ 95]LogModuleManager: Shutting down and abandoning module LandscapeEditor (514)
[2018.05.25-13.36.17:028][ 95]LogModuleManager: Shutting down and abandoning module MeshPaintMode (512)
[2018.05.25-13.36.17:028][ 95]LogModuleManager: Shutting down and abandoning module SceneDepthPickerMode (510)
[2018.05.25-13.36.17:028][ 95]LogModuleManager: Shutting down and abandoning module ActorPickerMode (508)
[2018.05.25-13.36.17:028][ 95]LogModuleManager: Shutting down and abandoning module GeometryMode (506)
[2018.05.25-13.36.17:028][ 95]LogModuleManager: Shutting down and abandoning module TextureAlignMode (504)
[2018.05.25-13.36.17:028][ 95]LogModuleManager: Shutting down and abandoning module BspMode (502)
[2018.05.25-13.36.17:028][ 95]LogModuleManager: Shutting down and abandoning module PIEPreviewDeviceProfileSelector (500)
[2018.05.25-13.36.17:028][ 95]LogModuleManager: Shutting down and abandoning module HardwareSurvey (498)
[2018.05.25-13.36.17:028][ 95]LogModuleManager: Shutting down and abandoning module SequenceRecorderSections (496)
[2018.05.25-13.36.17:028][ 95]LogModuleManager: Shutting down and abandoning module AutomationWorker (494)
[2018.05.25-13.36.17:028][ 95]LogModuleManager: Shutting down and abandoning module MatineeToLevelSequence (492)
[2018.05.25-13.36.17:028][ 95]LogModuleManager: Shutting down and abandoning module LevelSequenceEditor (490)
[2018.05.25-13.36.17:028][ 95]LogModuleManager: Shutting down and abandoning module PlacementMode (489)
[2018.05.25-13.36.17:028][ 95]LogModuleManager: Shutting down and abandoning module WmfMediaFactory (486)
[2018.05.25-13.36.17:028][ 95]LogModuleManager: Shutting down and abandoning module WmfMediaEditor (484)
[2018.05.25-13.36.17:028][ 95]LogModuleManager: Shutting down and abandoning module AvfMediaFactory (482)
[2018.05.25-13.36.17:028][ 95]LogModuleManager: Shutting down and abandoning module AvfMediaEditor (480)
[2018.05.25-13.36.17:028][ 95]LogModuleManager: Shutting down and abandoning module AndroidMediaFactory (478)
[2018.05.25-13.36.17:028][ 95]LogModuleManager: Shutting down and abandoning module Media (477)
[2018.05.25-13.36.17:028][ 95]LogModuleManager: Shutting down and abandoning module AndroidMediaEditor (474)
[2018.05.25-13.36.17:028][ 95]LogModuleManager: Shutting down and abandoning module CharacterAI (472)
[2018.05.25-13.36.17:028][ 95]LogModuleManager: Shutting down and abandoning module AudioCapture (470)
[2018.05.25-13.36.17:028][ 95]LogModuleManager: Shutting down and abandoning module SequenceRecorder (469)
[2018.05.25-13.36.17:028][ 95]LogModuleManager: Shutting down and abandoning module SmartSnapping (466)
[2018.05.25-13.36.17:028][ 95]LogModuleManager: Shutting down and abandoning module SessionServices (464)
[2018.05.25-13.36.17:028][ 95]LogModuleManager: Shutting down and abandoning module ViewportSnapping (462)
[2018.05.25-13.36.17:028][ 95]LogModuleManager: Shutting down and abandoning module ViewportInteraction (460)
[2018.05.25-13.36.17:028][ 95]LogModuleManager: Shutting down and abandoning module ClothPainter (458)
[2018.05.25-13.36.17:028][ 95]LogModuleManager: Shutting down and abandoning module LogVisualizer (456)
[2018.05.25-13.36.17:028][ 95]LogModuleManager: Shutting down and abandoning module IntroTutorials (454)
[2018.05.25-13.36.17:028][ 95]LogModuleManager: Shutting down and abandoning module GameProjectGeneration (453)
[2018.05.25-13.36.17:028][ 95]LogModuleManager: Shutting down and abandoning module IOSPlatformEditor (450)
[2018.05.25-13.36.17:028][ 95]LogModuleManager: Shutting down and abandoning module HTML5PlatformEditor (448)
[2018.05.25-13.36.17:028][ 95]LogModuleManager: Shutting down and abandoning module AndroidPlatformEditor (446)
[2018.05.25-13.36.17:028][ 95]LogModuleManager: Shutting down and abandoning module AndroidDeviceDetection (445)
[2018.05.25-13.36.17:205][ 95]LogModuleManager: Shutting down and abandoning module WindowsPlatformEditor (442)
[2018.05.25-13.36.17:205][ 95]LogModuleManager: Shutting down and abandoning module IOSRuntimeSettings (440)
[2018.05.25-13.36.17:205][ 95]LogModuleManager: Shutting down and abandoning module AndroidRuntimeSettings (438)
[2018.05.25-13.36.17:205][ 95]LogModuleManager: Shutting down and abandoning module InputBindingEditor (436)
[2018.05.25-13.36.17:205][ 95]LogModuleManager: Shutting down and abandoning module MergeActors (434)
[2018.05.25-13.36.17:205][ 95]LogModuleManager: Shutting down and abandoning module SizeMap (432)
[2018.05.25-13.36.17:205][ 95]LogModuleManager: Shutting down and abandoning module TreeMap (430)
[2018.05.25-13.36.17:206][ 95]LogModuleManager: Shutting down and abandoning module ReferenceViewer (428)
[2018.05.25-13.36.17:206][ 95]LogModuleManager: Shutting down and abandoning module LocalizationDashboard (426)
[2018.05.25-13.36.17:206][ 95]LogModuleManager: Shutting down and abandoning module LocalizationService (425)
[2018.05.25-13.36.17:206][ 95]LogModuleManager: Shutting down and abandoning module HardwareTargeting (422)
[2018.05.25-13.36.17:206][ 95]LogModuleManager: Shutting down and abandoning module DeviceProfileEditor (420)
[2018.05.25-13.36.17:206][ 95]LogModuleManager: Shutting down and abandoning module UndoHistory (418)
[2018.05.25-13.36.17:206][ 95]LogModuleManager: Shutting down and abandoning module XmlParser (416)
[2018.05.25-13.36.17:206][ 95]LogModuleManager: Shutting down and abandoning module Blutility (414)
[2018.05.25-13.36.17:206][ 95]LogModuleManager: Shutting down and abandoning module ProjectSettingsViewer (412)
[2018.05.25-13.36.17:206][ 95]LogModuleManager: Shutting down and abandoning module ProjectTargetPlatformEditor (411)
[2018.05.25-13.36.17:206][ 95]LogModuleManager: Shutting down and abandoning module EditorSettingsViewer (408)
[2018.05.25-13.36.17:206][ 95]LogModuleManager: Shutting down and abandoning module SettingsEditor (406)
[2018.05.25-13.36.17:206][ 95]LogModuleManager: Shutting down and abandoning module ProjectLauncher (404)
[2018.05.25-13.36.17:206][ 95]LogModuleManager: Shutting down and abandoning module SessionFrontend (402)
[2018.05.25-13.36.17:206][ 95]LogModuleManager: Shutting down and abandoning module ProfilerClient (400)
[2018.05.25-13.36.17:206][ 95]LogModuleManager: Shutting down and abandoning module DeviceManager (398)
[2018.05.25-13.36.17:206][ 95]LogModuleManager: Shutting down and abandoning module TargetDeviceServices (397)
[2018.05.25-13.36.17:260][ 95]LogModuleManager: Shutting down and abandoning module AutomationController (394)
[2018.05.25-13.36.17:260][ 95]LogModuleManager: Shutting down and abandoning module AutomationWindow (392)
[2018.05.25-13.36.17:260][ 95]LogModuleManager: Shutting down and abandoning module Layers (390)
[2018.05.25-13.36.17:260][ 95]LogModuleManager: Shutting down and abandoning module ComponentVisualizers (388)
[2018.05.25-13.36.17:260][ 95]LogModuleManager: Shutting down and abandoning module DetailCustomizations (386)
[2018.05.25-13.36.17:260][ 95]LogModuleManager: Shutting down and abandoning module PackagesDialog (384)
[2018.05.25-13.36.17:260][ 95]LogModuleManager: Shutting down and abandoning module Persona (382)
[2018.05.25-13.36.17:260][ 95]LogModuleManager: Shutting down and abandoning module AdvancedPreviewScene (381)
[2018.05.25-13.36.17:260][ 95]LogModuleManager: Shutting down and abandoning module AnimGraph (379)
[2018.05.25-13.36.17:260][ 95]LogModuleManager: Shutting down and abandoning module Kismet (376)
[2018.05.25-13.36.17:271][ 95]LogModuleManager: Shutting down and abandoning module ClassViewer (374)
[2018.05.25-13.36.17:271][ 95]LogModuleManager: Shutting down and abandoning module Toolbox (372)
[2018.05.25-13.36.17:271][ 95]LogModuleManager: Shutting down and abandoning module ModuleUI (370)
[2018.05.25-13.36.17:271][ 95]LogModuleManager: Shutting down and abandoning module MovieSceneTools (368)
[2018.05.25-13.36.17:271][ 95]LogModuleManager: Shutting down and abandoning module OutputLog (366)
[2018.05.25-13.36.17:271][ 95]LogModuleManager: Shutting down and abandoning module GammaUI (364)
[2018.05.25-13.36.17:271][ 95]LogModuleManager: Shutting down and abandoning module Documentation (362)
[2018.05.25-13.36.17:271][ 95]LogModuleManager: Shutting down and abandoning module MovieSceneTracks (360)
[2018.05.25-13.36.17:271][ 95]LogModuleManager: Shutting down and abandoning module MovieScene (358)
[2018.05.25-13.36.17:271][ 95]LogModuleManager: Shutting down and abandoning module Niagara (356)
[2018.05.25-13.36.17:271][ 95]LogModuleManager: Shutting down and abandoning module NiagaraEditor (355)
[2018.05.25-13.36.17:271][ 95]LogModuleManager: Shutting down and abandoning module StreamingPauseRendering (352)
[2018.05.25-13.36.17:271][ 95]LogModuleManager: Shutting down and abandoning module LauncherPlatform (350)
[2018.05.25-13.36.17:271][ 95]LogModuleManager: Shutting down and abandoning module AnalyticsET (348)
[2018.05.25-13.36.17:271][ 95]LogModuleManager: Shutting down and abandoning module PortalServices (346)
[2018.05.25-13.36.17:271][ 95]LogModuleManager: Shutting down and abandoning module PortalRpc (344)
[2018.05.25-13.36.17:271][ 95]LogModuleManager: Shutting down and abandoning module MessagingRpc (342)
[2018.05.25-13.36.17:272][ 95]LogModuleManager: Shutting down and abandoning module AIModule (340)
[2018.05.25-13.36.17:272][ 95]LogModuleManager: Shutting down and abandoning module GameplayDebugger (339)
[2018.05.25-13.36.17:272][ 95]LogModuleManager: Shutting down and abandoning module AITestSuite (337)
[2018.05.25-13.36.17:272][ 95]LogModuleManager: Shutting down and abandoning module ProfilerService (334)
[2018.05.25-13.36.17:426][ 95]LogModuleManager: Shutting down and abandoning module TaskGraph (332)
[2018.05.25-13.36.17:426][ 95]LogModuleManager: Shutting down and abandoning module SteamVRController (330)
[2018.05.25-13.36.17:426][ 95]LogModuleManager: Shutting down and abandoning module ProceduralMeshComponentEditor (328)
[2018.05.25-13.36.17:426][ 95]LogModuleManager: Shutting down and abandoning module ProceduralMeshComponent (326)
[2018.05.25-13.36.17:426][ 95]LogModuleManager: Shutting down and abandoning module OculusInput (324)
[2018.05.25-13.36.17:427][ 95]LogModuleManager: Shutting down and abandoning module MobilePatchingUtils (322)
[2018.05.25-13.36.17:427][ 95]LogModuleManager: Shutting down and abandoning module CustomMeshComponent (320)
[2018.05.25-13.36.17:427][ 95]LogModuleManager: Shutting down and abandoning module CableComponent (318)
[2018.05.25-13.36.17:427][ 95]LogModuleManager: Shutting down and abandoning module ArchVisCharacter (316)
[2018.05.25-13.36.17:427][ 95]LogModuleManager: Shutting down and abandoning module AndroidPermission (314)
[2018.05.25-13.36.17:427][ 95]LogModuleManager: Shutting down and abandoning module MediaPlayerEditor (310)
[2018.05.25-13.36.17:427][ 95]LogModuleManager: Shutting down and abandoning module HTML5Networking (308)
[2018.05.25-13.36.17:427][ 95]LogModuleManager: Shutting down and abandoning module AlembicImporter (306)
[2018.05.25-13.36.17:427][ 95]LogModuleManager: Shutting down and abandoning module AlembicLibrary (305)
[2018.05.25-13.36.17:427][ 95]LogModuleManager: Shutting down and abandoning module GeometryCache (304)
[2018.05.25-13.36.17:427][ 95]LogModuleManager: Shutting down and abandoning module GeometryCacheEd (303)
[2018.05.25-13.36.17:428][ 95]LogModuleManager: Shutting down and abandoning module SpeedTreeImporter (298)
[2018.05.25-13.36.17:428][ 95]LogModuleManager: Shutting down and abandoning module PluginBrowser (296)
[2018.05.25-13.36.17:428][ 95]LogModuleManager: Shutting down and abandoning module MobileLauncherProfileWizard (294)
[2018.05.25-13.36.17:428][ 95]LogModuleManager: Shutting down and abandoning module VisualStudioSourceCodeAccess (292)
[2018.05.25-13.36.17:428][ 95]LogModuleManager: Shutting down and abandoning module DesktopPlatform (291)
[2018.05.25-13.36.17:428][ 95]LogModuleManager: Shutting down and abandoning module UObjectPlugin (288)
[2018.05.25-13.36.17:428][ 95]LogModuleManager: Shutting down and abandoning module SubversionSourceControl (286)
[2018.05.25-13.36.17:428][ 95]LogModuleManager: Shutting down and abandoning module PerforceSourceControl (284)
[2018.05.25-13.36.17:428][ 95]LogModuleManager: Shutting down and abandoning module GitSourceControl (282)
[2018.05.25-13.36.17:428][ 95]LogModuleManager: Shutting down and abandoning module SourceControl (281)
[2018.05.25-13.36.17:429][ 95]LogModuleManager: Shutting down and abandoning module LightPropagationVolumeEditor (278)
[2018.05.25-13.36.17:429][ 95]LogModuleManager: Shutting down and abandoning module PaperTiledImporter (276)
[2018.05.25-13.36.17:429][ 95]LogModuleManager: Shutting down and abandoning module PaperSpriteSheetImporter (274)
[2018.05.25-13.36.17:429][ 95]LogModuleManager: Shutting down and abandoning module Paper2DEditor (272)
[2018.05.25-13.36.17:429][ 95]LogModuleManager: Shutting down and abandoning module MeshPaint (271)
[2018.05.25-13.36.17:429][ 95]LogModuleManager: Shutting down and abandoning module LevelEditor (269)
[2018.05.25-13.36.17:431][ 95]LogModuleManager: Shutting down and abandoning module PixelInspectorModule (268)
[2018.05.25-13.36.17:431][ 95]LogModuleManager: Shutting down and abandoning module MainFrame (266)
[2018.05.25-13.36.17:431][ 95]LogModuleManager: Shutting down and abandoning module HotReload (265)
[2018.05.25-13.36.17:432][ 95]LogModuleManager: Shutting down and abandoning module RuntimePhysXCooking (260)
[2018.05.25-13.36.17:432][ 95]LogModuleManager: Shutting down and abandoning module PhysXVehiclesEditor (258)
[2018.05.25-13.36.17:433][ 95]LogModuleManager: Shutting down and abandoning module PhysXVehicles (256)
[2018.05.25-13.36.17:433][ 95]LogModuleManager: Shutting down and abandoning module OculusEditor (254)
[2018.05.25-13.36.17:433][ 95]LogModuleManager: Shutting down and abandoning module LocationServicesBPLibrary (252)
[2018.05.25-13.36.17:433][ 95]LogModuleManager: Shutting down and abandoning module ImmediatePhysicsEditor (250)
[2018.05.25-13.36.17:433][ 95]LogModuleManager: Shutting down and abandoning module ImmediatePhysics (248)
[2018.05.25-13.36.17:433][ 95]LogModuleManager: Shutting down and abandoning module UdpMessaging (246)
[2018.05.25-13.36.17:533][ 95]LogModuleManager: Shutting down and abandoning module TcpMessaging (244)
[2018.05.25-13.36.17:635][ 95]LogModuleManager: Shutting down and abandoning module GameplayTagsEditor (242)
[2018.05.25-13.36.17:635][ 95]LogModuleManager: Shutting down and abandoning module FacialAnimationEditor (240)
[2018.05.25-13.36.17:635][ 95]LogModuleManager: Shutting down and abandoning module FacialAnimation (238)
[2018.05.25-13.36.17:635][ 95]LogModuleManager: Shutting down and abandoning module AssetManagerEditor (236)
[2018.05.25-13.36.17:635][ 95]LogModuleManager: Shutting down and abandoning module GraphEditor (235)
[2018.05.25-13.36.17:635][ 95]LogModuleManager: Shutting down and abandoning module ContentBrowser (233)
[2018.05.25-13.36.17:638][ 95]LogModuleManager: Shutting down and abandoning module LightPropagationVolumeRuntime (230)
[2018.05.25-13.36.17:638][ 95]LogModuleManager: Shutting down and abandoning module Paper2D (228)
[2018.05.25-13.36.17:638][ 95]LogModuleManager: Shutting down and abandoning module WindowsMoviePlayer (226)
[2018.05.25-13.36.17:638][ 95]LogModuleManager: Shutting down and abandoning module WmfMedia (224)
[2018.05.25-13.36.17:652][ 95]LogModuleManager: Shutting down and abandoning module PacketHandler (222)
[2018.05.25-13.36.17:652][ 95]LogModuleManager: Shutting down and abandoning module ClothingSystemEditor (220)
[2018.05.25-13.36.17:652][ 95]LogModuleManager: Shutting down and abandoning module ClothingSystemRuntime (218)
[2018.05.25-13.36.17:652][ 95]LogModuleManager: Shutting down and abandoning module Overlay (216)
[2018.05.25-13.36.17:653][ 95]LogModuleManager: Shutting down and abandoning module OverlayEditor (215)
[2018.05.25-13.36.17:653][ 95]LogModuleManager: Shutting down and abandoning module MediaAssets (212)
[2018.05.25-13.36.17:653][ 95]LogModuleManager: Shutting down and abandoning module VREditor (210)
[2018.05.25-13.36.17:653][ 95]LogModuleManager: Shutting down and abandoning module StringTableEditor (208)
[2018.05.25-13.36.17:653][ 95]LogModuleManager: Shutting down and abandoning module GameplayTasksEditor (206)
[2018.05.25-13.36.17:653][ 95]LogModuleManager: Shutting down and abandoning module BehaviorTreeEditor (204)
[2018.05.25-13.36.17:653][ 95]LogModuleManager: Shutting down and abandoning module FunctionalTesting (202)
[2018.05.25-13.36.17:653][ 95]LogModuleManager: Shutting down and abandoning module CollisionAnalyzer (200)
[2018.05.25-13.36.17:653][ 95]LogModuleManager: Shutting down and abandoning module WorkspaceMenuStructure (199)
[2018.05.25-13.36.17:653][ 95]LogModuleManager: Shutting down and abandoning module UMG (196)
[2018.05.25-13.36.17:653][ 95]LogModuleManager: Shutting down and abandoning module UMGEditor (195)
[2018.05.25-13.36.17:654][ 95]LogModuleManager: Shutting down and abandoning module Sequencer (194)
[2018.05.25-13.36.17:654][ 95]LogModuleManager: Shutting down and abandoning module MessageLog (191)
[2018.05.25-13.36.17:654][ 95]LogModuleManager: Shutting down and abandoning module SlateReflector (186)
[2018.05.25-13.36.17:654][ 95]LogModuleManager: Shutting down and abandoning module Slate (184)
[2018.05.25-13.36.17:654][ 95]LogModuleManager: Shutting down and abandoning module EditorStyle (182)
[2018.05.25-13.36.17:662][ 95]LogModuleManager: Shutting down and abandoning module MRMesh (180)
[2018.05.25-13.36.17:662][ 95]LogModuleManager: Shutting down and abandoning module SourceCodeAccess (178)
[2018.05.25-13.36.17:662][ 95]LogModuleManager: Shutting down and abandoning module HeadMountedDisplay (176)
[2018.05.25-13.36.17:662][ 95]LogModuleManager: Shutting down and abandoning module XAudio2 (174)
[2018.05.25-13.36.17:662][ 95]LogModuleManager: Shutting down and abandoning module Networking (172)
[2018.05.25-13.36.17:662][ 95]LogModuleManager: Shutting down and abandoning module Core (168)
[2018.05.25-13.36.17:662][ 95]LogModuleManager: Shutting down and abandoning module KismetCompiler (164)
[2018.05.25-13.36.17:662][ 95]LogModuleManager: Shutting down and abandoning module LevelSequence (162)
[2018.05.25-13.36.17:662][ 95]LogModuleManager: Shutting down and abandoning module MeshUtilities (160)
[2018.05.25-13.36.17:662][ 95]LogModuleManager: Shutting down and abandoning module MeshMergeUtilities (159)
[2018.05.25-13.36.17:662][ 95]LogModuleManager: Shutting down and abandoning module MeshReductionInterface (158)
[2018.05.25-13.36.17:662][ 95]LogModuleManager: Shutting down and abandoning module SimplygonSwarm (157)
[2018.05.25-13.36.17:662][ 95]LogModuleManager: Shutting down and abandoning module SimplygonMeshReduction (155)
[2018.05.25-13.36.17:662][ 95]LogModuleManager: Shutting down and abandoning module QuadricMeshReduction (153)
[2018.05.25-13.36.17:662][ 95]LogModuleManager: Shutting down and abandoning module MaterialBaking (149)
[2018.05.25-13.36.17:662][ 95]LogModuleManager: Shutting down and abandoning module DirectoryWatcher (146)
[2018.05.25-13.36.17:663][ 95]LogModuleManager: Shutting down and abandoning module DerivedDataCache (144)
[2018.05.25-13.36.17:690][ 95]LogDerivedDataCache: Shutdown
[2018.05.25-13.36.17:690][ 95]LogModuleManager: Shutting down and abandoning module TargetPlatform (142)
[2018.05.25-13.36.17:690][ 95]LogModuleManager: Shutting down and abandoning module VulkanShaderFormat (141)
[2018.05.25-13.36.17:690][ 95]LogModuleManager: Shutting down and abandoning module ShaderFormatVectorVM (139)
[2018.05.25-13.36.17:690][ 95]LogModuleManager: Shutting down and abandoning module ShaderFormatOpenGL (137)
[2018.05.25-13.36.17:690][ 95]LogModuleManager: Shutting down and abandoning module ShaderFormatD3D (135)
[2018.05.25-13.36.17:690][ 95]LogModuleManager: Shutting down and abandoning module MetalShaderFormat (133)
[2018.05.25-13.36.17:690][ 95]LogModuleManager: Shutting down and abandoning module TextureFormatUncompressed (131)
[2018.05.25-13.36.17:690][ 95]LogModuleManager: Shutting down and abandoning module TextureFormatPVR (129)
[2018.05.25-13.36.17:690][ 95]LogModuleManager: Shutting down and abandoning module TextureFormatDXT (127)
[2018.05.25-13.36.17:690][ 95]LogModuleManager: Shutting down and abandoning module TextureFormatIntelISPCTexComp (125)
[2018.05.25-13.36.17:690][ 95]LogModuleManager: Shutting down and abandoning module TextureFormatASTC (123)
[2018.05.25-13.36.17:690][ 95]LogModuleManager: Shutting down and abandoning module ImageWrapper (122)
[2018.05.25-13.36.17:690][ 95]LogModuleManager: Shutting down and abandoning module TextureFormatAndroid (119)
[2018.05.25-13.36.17:690][ 95]LogModuleManager: Shutting down and abandoning module AudioFormatOpus (117)
[2018.05.25-13.36.17:690][ 95]LogModuleManager: Shutting down and abandoning module AudioFormatOgg (115)
[2018.05.25-13.36.17:691][ 95]LogModuleManager: Shutting down and abandoning module AudioFormatADPCM (113)
[2018.05.25-13.36.17:691][ 95]LogModuleManager: Shutting down and abandoning module LinuxTargetPlatform (111)
[2018.05.25-13.36.17:691][ 95]LogModuleManager: Shutting down and abandoning module LinuxServerTargetPlatform (109)
[2018.05.25-13.36.17:691][ 95]LogModuleManager: Shutting down and abandoning module LinuxNoEditorTargetPlatform (107)
[2018.05.25-13.36.17:691][ 95]LogModuleManager: Shutting down and abandoning module LinuxClientTargetPlatform (105)
[2018.05.25-13.36.17:691][ 95]LogModuleManager: Shutting down and abandoning module TVOSTargetPlatform (103)
[2018.05.25-13.36.17:691][ 95]LogModuleManager: Shutting down and abandoning module Messaging (101)
[2018.05.25-13.36.17:691][ 95]LogModuleManager: Shutting down and abandoning module IOSTargetPlatform (99)
[2018.05.25-13.36.17:691][ 95]LogModuleManager: Shutting down and abandoning module HTML5TargetPlatform (97)
[2018.05.25-13.36.17:691][ 95]LogModuleManager: Shutting down and abandoning module Android_PVRTCTargetPlatform (95)
[2018.05.25-13.36.17:691][ 95]LogModuleManager: Shutting down and abandoning module Android_MultiTargetPlatform (93)
[2018.05.25-13.36.17:691][ 95]LogModuleManager: Shutting down and abandoning module Android_ETC2TargetPlatform (91)
[2018.05.25-13.36.17:691][ 95]LogModuleManager: Shutting down and abandoning module Android_ETC1TargetPlatform (89)
[2018.05.25-13.36.17:691][ 95]LogModuleManager: Shutting down and abandoning module Android_DXTTargetPlatform (87)
[2018.05.25-13.36.17:691][ 95]LogModuleManager: Shutting down and abandoning module Android_ATCTargetPlatform (85)
[2018.05.25-13.36.17:691][ 95]LogModuleManager: Shutting down and abandoning module Android_ASTCTargetPlatform (83)
[2018.05.25-13.36.17:691][ 95]LogModuleManager: Shutting down and abandoning module AndroidTargetPlatform (81)
[2018.05.25-13.36.17:691][ 95]LogModuleManager: Shutting down and abandoning module WindowsTargetPlatform (79)
[2018.05.25-13.36.17:691][ 95]LogModuleManager: Shutting down and abandoning module WindowsServerTargetPlatform (77)
[2018.05.25-13.36.17:691][ 95]LogModuleManager: Shutting down and abandoning module WindowsNoEditorTargetPlatform (75)
[2018.05.25-13.36.17:691][ 95]LogModuleManager: Shutting down and abandoning module WindowsClientTargetPlatform (73)
[2018.05.25-13.36.17:691][ 95]LogModuleManager: Shutting down and abandoning module MacTargetPlatform (71)
[2018.05.25-13.36.17:691][ 95]LogModuleManager: Shutting down and abandoning module MacServerTargetPlatform (69)
[2018.05.25-13.36.17:691][ 95]LogModuleManager: Shutting down and abandoning module MacNoEditorTargetPlatform (67)
[2018.05.25-13.36.17:692][ 95]LogModuleManager: Shutting down and abandoning module MacClientTargetPlatform (65)
[2018.05.25-13.36.17:692][ 95]LogModuleManager: Shutting down and abandoning module AllDesktopTargetPlatform (63)
[2018.05.25-13.36.17:692][ 95]LogModuleManager: Shutting down and abandoning module InputCore (60)
[2018.05.25-13.36.17:692][ 95]LogModuleManager: Shutting down and abandoning module Settings (58)
[2018.05.25-13.36.17:692][ 95]LogModuleManager: Shutting down and abandoning module PhysXCooking (56)
[2018.05.25-13.36.17:692][ 95]LogModuleManager: Shutting down and abandoning module SteamVR (54)
[2018.05.25-13.36.17:692][ 95]LogModuleManager: Shutting down and abandoning module OculusHMD (52)
[2018.05.25-13.36.17:692][ 95]LogModuleManager: Shutting down and abandoning module ExampleDeviceProfileSelector (50)
[2018.05.25-13.36.17:692][ 95]LogModuleManager: Shutting down and abandoning module OnlineBlueprintSupport (48)
[2018.05.25-13.36.17:692][ 95]LogModuleManager: Shutting down and abandoning module OnlineSubsystem (44)
[2018.05.25-13.36.17:692][ 95]LogOnline: Display: Unloading online subsystem: NULL
[2018.05.25-13.36.17:692][ 95]LogModuleManager: Shutting down and abandoning module XMPP (43)
[2018.05.25-13.36.17:692][ 95]LogModuleManager: Shutting down and abandoning module HTTP (41)
[2018.05.25-13.36.17:692][ 95]LogHttp: Display: Http module shutting down, but needs to wait on 1 outstanding Http requests:
[2018.05.25-13.36.17:692][ 95]LogHttp: Display: 	verb=[POST] url=[https://datarouter.ol.epicgames.com/datarouter/api/v1/public/data?SessionID=%7B6F4B3D4F-4A86-8DE5-A25F-8E8F51C102D9%7D&AppID=UEEditor.Rocket.Release&AppVersion=4.17.2-3658906%2B%2B%2BUE4%2BRelease-4.17&UserID=1951491a4ed2cd72b8b1a9986a9184cd%7C41551282456548e09376d3ff74097220%7Ccbcdd9bf-5d24-4e95-b17e-e0cd546ad62a&AppEnvironment=datacollector-binary&UploadType=eteventstream] status=Processing
[2018.05.25-13.36.17:712][ 95]LogModuleManager: Shutting down and abandoning module SSL (40)
[2018.05.25-13.36.17:714][ 95]LogModuleManager: Shutting down and abandoning module AnimationModifiers (36)
[2018.05.25-13.36.17:714][ 95]LogModuleManager: Shutting down and abandoning module PropertyEditor (35)
[2018.05.25-13.36.17:714][ 95]LogModuleManager: Shutting down and abandoning module AudioEditor (32)
[2018.05.25-13.36.17:714][ 95]LogModuleManager: Shutting down and abandoning module TextureCompressor (30)
[2018.05.25-13.36.17:714][ 95]LogModuleManager: Shutting down and abandoning module ShaderCore (28)
[2018.05.25-13.36.17:714][ 95]LogModuleManager: Shutting down and abandoning module Landscape (26)
[2018.05.25-13.36.17:714][ 95]LogModuleManager: Shutting down and abandoning module SlateRHIRenderer (24)
[2018.05.25-13.36.17:716][ 95]LogModuleManager: Shutting down and abandoning module OpenGLDrv (22)
[2018.05.25-13.36.17:716][ 95]LogModuleManager: Shutting down and abandoning module D3D11RHI (20)
[2018.05.25-13.36.17:716][ 95]LogModuleManager: Shutting down and abandoning module AnimGraphRuntime (18)
[2018.05.25-13.36.17:716][ 95]LogModuleManager: Shutting down and abandoning module Renderer (16)
[2018.05.25-13.36.17:716][ 95]LogModuleManager: Shutting down and abandoning module Engine (14)
[2018.05.25-13.36.17:716][ 95]LogModuleManager: Shutting down and abandoning module CoreUObject (12)
[2018.05.25-13.36.17:716][ 95]LogModuleManager: Shutting down and abandoning module NetworkFile (10)
[2018.05.25-13.36.17:716][ 95]LogModuleManager: Shutting down and abandoning module CookedIterativeFile (8)
[2018.05.25-13.36.17:716][ 95]LogModuleManager: Shutting down and abandoning module StreamingFile (6)
[2018.05.25-13.36.17:716][ 95]LogModuleManager: Shutting down and abandoning module SandboxFile (4)
[2018.05.25-13.36.17:716][ 95]LogModuleManager: Shutting down and abandoning module PakFile (2)
[2018.05.25-13.36.17:723][ 95]LogExit: Exiting.
[2018.05.25-13.36.18:098][ 95]Log file closed, 05/25/18 15:36:18
